This is pdfTeX, Version 3.1415926-2.4-1.40.13 (TeX Live 2012) (format=latex 2012.7.27)  28 JUL 2012 23:06
entering extended mode
 restricted \write18 enabled.
 Source specials enabled.
 %&-line parsing enabled.
**muchadoaboutnothing.tex
(./muchadoaboutnothing.tex
LaTeX2e <2011/06/27>
Babel <v3.8m> and hyphenation patterns for english, dumylang, nohyphenation, af
rikaans, armenian, pinyin, coptic, ukenglish, usenglishmax, esperanto, estonian
, friulan, icelandic, indonesian, interlingua, irish, kurmanji, romanian, roman
sh, serbian, serbianc, slovenian, turkish, uppersorbian, welsh, loaded.
(./oucethesis.cls
Document Class: oucethesis 09/02/2006 v1.0 OUCE thesis class
(/usr/local/texlive/2012/texmf-dist/tex/latex/setspace/setspace.sty
Package: setspace 2011/12/19 v6.7a set line spacing
)
(/usr/local/texlive/2012/texmf-dist/tex/latex/base/book.cls
Document Class: book 2007/10/19 v1.4h Standard LaTeX document class
(/usr/local/texlive/2012/texmf-dist/tex/latex/base/bk12.clo
File: bk12.clo 2007/10/19 v1.4h Standard LaTeX file (size option)
)
\c@part=\count79
\c@chapter=\count80
\c@section=\count81
\c@subsection=\count82
\c@subsubsection=\count83
\c@paragraph=\count84
\c@subparagraph=\count85
\c@figure=\count86
\c@table=\count87
\abovecaptionskip=\skip41
\belowcaptionskip=\skip42
\bibindent=\dimen102
))
(./notmystyle.sty
Package: notmystyle 
 (/home/dchoi/texmf/tex/latex/MinionPro/MinionPro.sty
Package: MinionPro 2007/03/15 v2.1 MinionPro support for LaTeX

(/home/dchoi/texmf/tex/latex/MinionPro/MinionPro-FontDef.sty
File: MinionPro-FontDef.sty 2007/02/01 v2.2 font definition macros

(/home/dchoi/texmf/tex/latex/MinionPro/otfontdef.sty
Package: otfontdef 2005/06/04 v0.1e OpenType font definition

(/usr/local/texlive/2012/texmf-dist/tex/latex/graphics/keyval.sty
Package: keyval 1999/03/16 v1.13 key=value parser (DPC)
\KV@toks@=\toks14
))
\Mn@option@normalsize=\dimen103
Package MinionPro-FontDef Info: Configuration: smallfamily, noopticals, normals
ize=12.0pt on input line 52.
\Mn@config@cnt=\count88
\Mn@fontdimen=\dimen104
)
(/usr/local/texlive/2012/texmf-dist/tex/latex/base/textcomp.sty
Package: textcomp 2005/09/27 v1.99g Standard LaTeX package
Package textcomp Info: Sub-encoding information:
(textcomp)               5 = only ISO-Adobe without \textcurrency
(textcomp)               4 = 5 + \texteuro
(textcomp)               3 = 4 + \textohm
(textcomp)               2 = 3 + \textestimated + \textcurrency
(textcomp)               1 = TS1 - \textcircled - \t
(textcomp)               0 = TS1 (full)
(textcomp)             Font families with sub-encoding setting implement
(textcomp)             only a restricted character set as indicated.
(textcomp)             Family '?' is the default used for unknown fonts.
(textcomp)             See the documentation for details.
Package textcomp Info: Setting ? sub-encoding to TS1/1 on input line 71.

(/usr/local/texlive/2012/texmf-dist/tex/latex/base/ts1enc.def
File: ts1enc.def 2001/06/05 v3.0e (jk/car/fm) Standard LaTeX file
)
LaTeX Info: Redefining \oldstylenums on input line 266.
Package textcomp Info: Setting cmr sub-encoding to TS1/0 on input line 281.
Package textcomp Info: Setting cmss sub-encoding to TS1/0 on input line 282.
Package textcomp Info: Setting cmtt sub-encoding to TS1/0 on input line 283.
Package textcomp Info: Setting cmvtt sub-encoding to TS1/0 on input line 284.
Package textcomp Info: Setting cmbr sub-encoding to TS1/0 on input line 285.
Package textcomp Info: Setting cmtl sub-encoding to TS1/0 on input line 286.
Package textcomp Info: Setting ccr sub-encoding to TS1/0 on input line 287.
Package textcomp Info: Setting ptm sub-encoding to TS1/4 on input line 288.
Package textcomp Info: Setting pcr sub-encoding to TS1/4 on input line 289.
Package textcomp Info: Setting phv sub-encoding to TS1/4 on input line 290.
Package textcomp Info: Setting ppl sub-encoding to TS1/3 on input line 291.
Package textcomp Info: Setting pag sub-encoding to TS1/4 on input line 292.
Package textcomp Info: Setting pbk sub-encoding to TS1/4 on input line 293.
Package textcomp Info: Setting pnc sub-encoding to TS1/4 on input line 294.
Package textcomp Info: Setting pzc sub-encoding to TS1/4 on input line 295.
Package textcomp Info: Setting bch sub-encoding to TS1/4 on input line 296.
Package textcomp Info: Setting put sub-encoding to TS1/5 on input line 297.
Package textcomp Info: Setting uag sub-encoding to TS1/5 on input line 298.
Package textcomp Info: Setting ugq sub-encoding to TS1/5 on input line 299.
Package textcomp Info: Setting ul8 sub-encoding to TS1/4 on input line 300.
Package textcomp Info: Setting ul9 sub-encoding to TS1/4 on input line 301.
Package textcomp Info: Setting augie sub-encoding to TS1/5 on input line 302.
Package textcomp Info: Setting dayrom sub-encoding to TS1/3 on input line 303.
Package textcomp Info: Setting dayroms sub-encoding to TS1/3 on input line 304.

Package textcomp Info: Setting pxr sub-encoding to TS1/0 on input line 305.
Package textcomp Info: Setting pxss sub-encoding to TS1/0 on input line 306.
Package textcomp Info: Setting pxtt sub-encoding to TS1/0 on input line 307.
Package textcomp Info: Setting txr sub-encoding to TS1/0 on input line 308.
Package textcomp Info: Setting txss sub-encoding to TS1/0 on input line 309.
Package textcomp Info: Setting txtt sub-encoding to TS1/0 on input line 310.
Package textcomp Info: Setting lmr sub-encoding to TS1/0 on input line 311.
Package textcomp Info: Setting lmdh sub-encoding to TS1/0 on input line 312.
Package textcomp Info: Setting lmss sub-encoding to TS1/0 on input line 313.
Package textcomp Info: Setting lmssq sub-encoding to TS1/0 on input line 314.
Package textcomp Info: Setting lmvtt sub-encoding to TS1/0 on input line 315.
Package textcomp Info: Setting qhv sub-encoding to TS1/0 on input line 316.
Package textcomp Info: Setting qag sub-encoding to TS1/0 on input line 317.
Package textcomp Info: Setting qbk sub-encoding to TS1/0 on input line 318.
Package textcomp Info: Setting qcr sub-encoding to TS1/0 on input line 319.
Package textcomp Info: Setting qcs sub-encoding to TS1/0 on input line 320.
Package textcomp Info: Setting qpl sub-encoding to TS1/0 on input line 321.
Package textcomp Info: Setting qtm sub-encoding to TS1/0 on input line 322.
Package textcomp Info: Setting qzc sub-encoding to TS1/0 on input line 323.
Package textcomp Info: Setting qhvc sub-encoding to TS1/0 on input line 324.
Package textcomp Info: Setting futs sub-encoding to TS1/4 on input line 325.
Package textcomp Info: Setting futx sub-encoding to TS1/4 on input line 326.
Package textcomp Info: Setting futj sub-encoding to TS1/4 on input line 327.
Package textcomp Info: Setting hlh sub-encoding to TS1/3 on input line 328.
Package textcomp Info: Setting hls sub-encoding to TS1/3 on input line 329.
Package textcomp Info: Setting hlst sub-encoding to TS1/3 on input line 330.
Package textcomp Info: Setting hlct sub-encoding to TS1/5 on input line 331.
Package textcomp Info: Setting hlx sub-encoding to TS1/5 on input line 332.
Package textcomp Info: Setting hlce sub-encoding to TS1/5 on input line 333.
Package textcomp Info: Setting hlcn sub-encoding to TS1/5 on input line 334.
Package textcomp Info: Setting hlcw sub-encoding to TS1/5 on input line 335.
Package textcomp Info: Setting hlcf sub-encoding to TS1/5 on input line 336.
Package textcomp Info: Setting pplx sub-encoding to TS1/3 on input line 337.
Package textcomp Info: Setting pplj sub-encoding to TS1/3 on input line 338.
Package textcomp Info: Setting ptmx sub-encoding to TS1/4 on input line 339.
Package textcomp Info: Setting ptmj sub-encoding to TS1/4 on input line 340.
)
(/usr/local/texlive/2012/texmf-dist/tex/latex/mnsymbol/MnSymbol.sty
Package: MnSymbol 2007/01/21 v1.4 support for the MnSymbol font

(/usr/local/texlive/2012/texmf-dist/tex/latex/amsmath/amsmath.sty
Package: amsmath 2000/07/18 v2.13 AMS math features
\@mathmargin=\skip43

For additional information on amsmath, use the `?' option.
(/usr/local/texlive/2012/texmf-dist/tex/latex/amsmath/amstext.sty
Package: amstext 2000/06/29 v2.01

(/usr/local/texlive/2012/texmf-dist/tex/latex/amsmath/amsgen.sty
File: amsgen.sty 1999/11/30 v2.0
\@emptytoks=\toks15
\ex@=\dimen105
))
(/usr/local/texlive/2012/texmf-dist/tex/latex/amsmath/amsbsy.sty
Package: amsbsy 1999/11/29 v1.2d
\pmbraise@=\dimen106
)
(/usr/local/texlive/2012/texmf-dist/tex/latex/amsmath/amsopn.sty
Package: amsopn 1999/12/14 v2.01 operator names
)
\inf@bad=\count89
LaTeX Info: Redefining \frac on input line 211.
\uproot@=\count90
\leftroot@=\count91
LaTeX Info: Redefining \overline on input line 307.
\classnum@=\count92
\DOTSCASE@=\count93
LaTeX Info: Redefining \ldots on input line 379.
LaTeX Info: Redefining \dots on input line 382.
LaTeX Info: Redefining \cdots on input line 467.
\Mathstrutbox@=\box26
\strutbox@=\box27
\big@size=\dimen107
LaTeX Font Info:    Redeclaring font encoding OML on input line 567.
LaTeX Font Info:    Redeclaring font encoding OMS on input line 568.
\macc@depth=\count94
\c@MaxMatrixCols=\count95
\dotsspace@=\muskip10
\c@parentequation=\count96
\dspbrk@lvl=\count97
\tag@help=\toks16
\row@=\count98
\column@=\count99
\maxfields@=\count100
\andhelp@=\toks17
\eqnshift@=\dimen108
\alignsep@=\dimen109
\tagshift@=\dimen110
\tagwidth@=\dimen111
\totwidth@=\dimen112
\lineht@=\dimen113
\@envbody=\toks18
\multlinegap=\skip44
\multlinetaggap=\skip45
\mathdisplay@stack=\toks19
LaTeX Info: Redefining \[ on input line 2666.
LaTeX Info: Redefining \] on input line 2667.
)
(/usr/local/texlive/2012/texmf-dist/tex/latex/amsfonts/eufrak.sty
Package: eufrak 2009/06/22 v3.00 Euler Fraktur fonts
LaTeX Font Info:    Overwriting math alphabet `\EuFrak' in version `bold'
(Font)                  U/euf/m/n --> U/euf/b/n on input line 39.
)
LaTeX Info: Redefining \dagger on input line 84.
LaTeX Info: Redefining \ddagger on input line 84.
LaTeX Info: Redefining \mathparagraph on input line 84.
LaTeX Info: Redefining \mathsection on input line 84.
LaTeX Info: Redefining \mathdollar on input line 84.
LaTeX Info: Redefining \mathsterling on input line 84.
LaTeX Info: Redefining \Re on input line 84.
LaTeX Info: Redefining \Im on input line 84.
\symMnSyA=\mathgroup4
\symMnSyB=\mathgroup5
\symMnSyC=\mathgroup6
\symMnSyD=\mathgroup7
LaTeX Font Info:    Redeclaring symbol font `largesymbols' on input line 119.
LaTeX Font Info:    Overwriting symbol font `largesymbols' in version `normal'
(Font)                  OMX/cmex/m/n --> OMX/MnSymbolE/m/n on input line 119.
LaTeX Font Info:    Overwriting symbol font `largesymbols' in version `bold'
(Font)                  OMX/cmex/m/n --> OMX/MnSymbolE/m/n on input line 119.
LaTeX Font Info:    Redeclaring symbol font `symbols' on input line 120.
LaTeX Font Info:    Encoding `OMS' has changed to `U' for symbol font
(Font)              `symbols' in the math version `normal' on input line 120.
LaTeX Font Info:    Overwriting symbol font `symbols' in version `normal'
(Font)                  OMS/cmsy/m/n --> U/MnSymbolF/m/n on input line 120.
LaTeX Font Info:    Encoding `OMS' has changed to `U' for symbol font
(Font)              `symbols' in the math version `bold' on input line 120.
LaTeX Font Info:    Overwriting symbol font `symbols' in version `bold'
(Font)                  OMS/cmsy/b/n --> U/MnSymbolF/m/n on input line 120.
LaTeX Font Info:    Overwriting symbol font `MnSyA' in version `bold'
(Font)                  U/MnSymbolA/m/n --> U/MnSymbolA/b/n on input line 121.
LaTeX Font Info:    Overwriting symbol font `MnSyB' in version `bold'
(Font)                  U/MnSymbolB/m/n --> U/MnSymbolB/b/n on input line 122.
LaTeX Font Info:    Overwriting symbol font `MnSyC' in version `bold'
(Font)                  U/MnSymbolC/m/n --> U/MnSymbolC/b/n on input line 123.
LaTeX Font Info:    Overwriting symbol font `MnSyD' in version `bold'
(Font)                  U/MnSymbolD/m/n --> U/MnSymbolD/b/n on input line 124.
LaTeX Font Info:    Overwriting symbol font `largesymbols' in version `bold'
(Font)                  OMX/MnSymbolE/m/n --> OMX/MnSymbolE/b/n on input line 1
25.
LaTeX Font Info:    Overwriting symbol font `symbols' in version `bold'
(Font)                  U/MnSymbolF/m/n --> U/MnSymbolF/b/n on input line 126.
LaTeX Font Info:    Redeclaring math alphabet \mathcal on input line 241.
LaTeX Font Info:    Overwriting math alphabet `\mathcal' in version `bold'
(Font)                  OMS/MnSymbolS/m/n --> OMS/MnSymbolS/b/n on input line 2
41.
LaTeX Info: Redefining \longrightarrow on input line 548.
LaTeX Info: Redefining \longleftarrow on input line 549.
LaTeX Info: Redefining \longleftrightarrow on input line 550.
LaTeX Info: Redefining \Longrightarrow on input line 551.
LaTeX Info: Redefining \Longleftarrow on input line 552.
LaTeX Info: Redefining \Longleftrightarrow on input line 553.
LaTeX Info: Redefining \longmapsto on input line 554.
LaTeX Info: Redefining \vdots on input line 868.
LaTeX Font Info:    Redeclaring math symbol \braceld on input line 1721.
LaTeX Font Info:    Redeclaring math symbol \bracelu on input line 1722.
LaTeX Font Info:    Redeclaring math symbol \bracerd on input line 1723.
LaTeX Font Info:    Redeclaring math symbol \braceru on input line 1724.
LaTeX Info: Redefining \downbracefill on input line 1799.
LaTeX Info: Redefining \upbracefill on input line 1800.
LaTeX Info: Redefining \overbrace on input line 1819.
LaTeX Info: Redefining \underbrace on input line 1820.
LaTeX Info: Redefining \surd on input line 1843.
LaTeX Font Info:    Redeclaring math accent \widehat on input line 1845.
LaTeX Font Info:    Redeclaring math accent \widetilde on input line 1846.
LaTeX Font Info:    Redeclaring math accent \vec on input line 1848.
)
LaTeX Font Info:    Redeclaring symbol font `operators' on input line 163.
LaTeX Font Info:    Encoding `OT1' has changed to `T1' for symbol font
(Font)              `operators' in the math version `normal' on input line 163.

LaTeX Font Info:    Overwriting symbol font `operators' in version `normal'
(Font)                  OT1/cmr/m/n --> T1/MinionPro-TOsF/m/n on input line 163
.
LaTeX Font Info:    Encoding `OT1' has changed to `T1' for symbol font
(Font)              `operators' in the math version `bold' on input line 163.
LaTeX Font Info:    Overwriting symbol font `operators' in version `bold'
(Font)                  OT1/cmr/bx/n --> T1/MinionPro-TOsF/m/n on input line 16
3.
LaTeX Font Info:    Redeclaring symbol font `letters' on input line 164.
LaTeX Font Info:    Overwriting symbol font `letters' in version `normal'
(Font)                  OML/cmm/m/it --> OML/MinionPro-TOsF/m/it on input line 
164.
LaTeX Font Info:    Overwriting symbol font `letters' in version `bold'
(Font)                  OML/cmm/b/it --> OML/MinionPro-TOsF/m/it on input line 
164.
LaTeX Font Info:    Overwriting symbol font `operators' in version `bold'
(Font)                  T1/MinionPro-TOsF/m/n --> T1/MinionPro-TOsF/eb/n on inp
ut line 165.
LaTeX Font Info:    Overwriting symbol font `letters' in version `bold'
(Font)                  OML/MinionPro-TOsF/m/it --> OML/MinionPro-TOsF/eb/it on
 input line 166.
LaTeX Font Info:    Redeclaring math alphabet \mathbf on input line 167.
LaTeX Font Info:    Overwriting math alphabet `\mathbf' in version `normal'
(Font)                  OT1/cmr/bx/n --> T1/MinionPro-TOsF/eb/n on input line 1
67.
LaTeX Font Info:    Overwriting math alphabet `\mathbf' in version `bold'
(Font)                  OT1/cmr/bx/n --> T1/MinionPro-TOsF/eb/n on input line 1
67.
LaTeX Font Info:    Redeclaring math alphabet \mathit on input line 168.
LaTeX Font Info:    Overwriting math alphabet `\mathit' in version `normal'
(Font)                  OT1/cmr/m/it --> T1/MinionPro-TOsF/m/it on input line 1
68.
LaTeX Font Info:    Overwriting math alphabet `\mathit' in version `bold'
(Font)                  OT1/cmr/bx/it --> T1/MinionPro-TOsF/m/it on input line 
168.
LaTeX Font Info:    Overwriting math alphabet `\mathit' in version `bold'
(Font)                  T1/MinionPro-TOsF/m/it --> T1/MinionPro-TOsF/eb/it on i
nput line 169.
\c@mv@tabular=\count101
LaTeX Font Info:    Overwriting symbol font `operators' in version `tabular'
(Font)                  T1/MinionPro-TOsF/m/n --> T1/MinionPro-TOsF/m/n on inpu
t line 171.
LaTeX Font Info:    Overwriting symbol font `letters' in version `tabular'
(Font)                  OML/MinionPro-TOsF/m/it --> OML/MinionPro-TOsF/m/it on 
input line 172.
LaTeX Font Info:    Overwriting math alphabet `\mathit' in version `tabular'
(Font)                  OT1/cmr/m/it --> T1/MinionPro-TOsF/m/it on input line 1
73.
\c@mv@boldtabular=\count102
LaTeX Font Info:    Overwriting symbol font `operators' in version `boldtabular
'
(Font)                  T1/MinionPro-TOsF/m/n --> T1/MinionPro-TOsF/eb/n on inp
ut line 176.
LaTeX Font Info:    Overwriting symbol font `letters' in version `boldtabular'
(Font)                  OML/MinionPro-TOsF/m/it --> OML/MinionPro-TOsF/eb/it on
 input line 177.
LaTeX Font Info:    Overwriting math alphabet `\mathit' in version `boldtabular
'
(Font)                  OT1/cmr/m/it --> T1/MinionPro-TOsF/eb/it on input line 
178.
LaTeX Font Info:    Redeclaring math accent \grave on input line 179.
LaTeX Font Info:    Redeclaring math accent \acute on input line 180.
LaTeX Font Info:    Redeclaring math accent \hat on input line 181.
LaTeX Font Info:    Redeclaring math accent \tilde on input line 182.
LaTeX Font Info:    Redeclaring math accent \ddot on input line 183.
LaTeX Font Info:    Redeclaring math accent \mathring on input line 184.
LaTeX Font Info:    Redeclaring math accent \check on input line 185.
LaTeX Font Info:    Redeclaring math accent \breve on input line 186.
LaTeX Font Info:    Redeclaring math accent \bar on input line 187.
LaTeX Font Info:    Redeclaring math accent \dot on input line 188.
LaTeX Font Info:    Redeclaring math alphabet \mathcal on input line 191.
LaTeX Font Info:    Overwriting math alphabet `\mathcal' in version `normal'
(Font)                  OMS/MnSymbolS/m/n --> T1/MinionPro-TOsF/m/sw on input l
ine 191.
LaTeX Font Info:    Overwriting math alphabet `\mathcal' in version `bold'
(Font)                  OMS/MnSymbolS/b/n --> T1/MinionPro-TOsF/m/sw on input l
ine 191.
LaTeX Font Info:    Overwriting math alphabet `\mathcal' in version `tabular'
(Font)                  OMS/MnSymbolS/m/n --> T1/MinionPro-TOsF/m/sw on input l
ine 191.
LaTeX Font Info:    Overwriting math alphabet `\mathcal' in version `boldtabula
r'
(Font)                  OMS/MnSymbolS/m/n --> T1/MinionPro-TOsF/m/sw on input l
ine 191.
LaTeX Font Info:    Overwriting math alphabet `\mathcal' in version `bold'
(Font)                  T1/MinionPro-TOsF/m/sw --> T1/MinionPro-TOsF/eb/sw on i
nput line 191.
LaTeX Font Info:    Overwriting math alphabet `\mathcal' in version `tabular'
(Font)                  T1/MinionPro-TOsF/m/sw --> T1/MinionPro-TOsF/m/sw on in
put line 191.
LaTeX Font Info:    Overwriting math alphabet `\mathcal' in version `boldtabula
r'
(Font)                  T1/MinionPro-TOsF/m/sw --> T1/MinionPro-TOsF/eb/sw on i
nput line 191.

(/home/dchoi/texmf/tex/latex/MinionPro/fontaxes.sty
Package: fontaxes 2007/03/31 v0.2b Font selection axes
LaTeX Info: Redefining \upshape on input line 26.
LaTeX Info: Redefining \itshape on input line 28.
LaTeX Info: Redefining \slshape on input line 30.
LaTeX Info: Redefining \scshape on input line 34.
)
LaTeX Font Info:    Redeclaring math symbol \partial on input line 499.
LaTeX Font Info:    Redeclaring math symbol \ell on input line 501.
Package textcomp Info: Setting MinionPro-LF sub-encoding to TS1/1 on input line
 521.
Package textcomp Info: Setting MinionPro-TLF sub-encoding to TS1/1 on input lin
e 522.
Package textcomp Info: Setting MinionPro-OsF sub-encoding to TS1/1 on input lin
e 523.
Package textcomp Info: Setting MinionPro-TOsF sub-encoding to TS1/1 on input li
ne 524.
LaTeX Info: Redefining \LaTeX on input line 596.
LaTeX Font Info:    Try loading font information for OT1+MinionPro-OsF on input
 line 628.

(/home/dchoi/texmf/tex/latex/MinionPro/OT1MinionPro-OsF.fd
File: OT1MinionPro-OsF.fd 2005/01/23 v2.0 font definitions for OT1/MinionPro-Os
F.

(/home/dchoi/texmf/tex/latex/MinionPro/MinionPro-FontDef.sty
File: MinionPro-FontDef.sty 2007/02/01 v2.2 font definition macros
)))
(/home/dchoi/texmf/tex/latex/MinionPro/tabfigures.sty
Package: tabfigures 2007/05/07 v0.1d Tabular figures (patches)
)
(/usr/local/texlive/2012/texmf-dist/tex/latex/inconsolata/inconsolata.sty
Package: inconsolata 2009/11/28 Inconsolata
)
(/usr/local/texlive/2012/texmf-dist/tex/latex/natbib/natbib.sty
Package: natbib 2010/09/13 8.31b (PWD, AO)
\bibhang=\skip46
\bibsep=\skip47
LaTeX Info: Redefining \cite on input line 694.
\c@NAT@ctr=\count103
)
(/usr/local/texlive/2012/texmf-dist/tex/latex/lineno/lineno.sty
Package: lineno 2005/11/02 line numbers on paragraphs v4.41
\linenopenalty=\count104
\output=\toks20
\linenoprevgraf=\count105
\linenumbersep=\dimen114
\linenumberwidth=\dimen115
\c@linenumber=\count106
\c@pagewiselinenumber=\count107
\c@LN@truepage=\count108
\c@internallinenumber=\count109
\c@internallinenumbers=\count110
\quotelinenumbersep=\dimen116
\bframerule=\dimen117
\bframesep=\dimen118
\bframebox=\box28
LaTeX Info: Redefining \\ on input line 3056.
)
(/usr/local/texlive/2012/texmf-dist/tex/generic/oberdiek/ifpdf.sty
Package: ifpdf 2011/01/30 v2.3 Provides the ifpdf switch (HO)
Package ifpdf Info: pdfTeX in PDF mode is not detected.
)
(/usr/local/texlive/2012/texmf-dist/tex/latex/graphics/graphicx.sty
Package: graphicx 1999/02/16 v1.0f Enhanced LaTeX Graphics (DPC,SPQR)

(/usr/local/texlive/2012/texmf-dist/tex/latex/graphics/graphics.sty
Package: graphics 2009/02/05 v1.0o Standard LaTeX Graphics (DPC,SPQR)

(/usr/local/texlive/2012/texmf-dist/tex/latex/graphics/trig.sty
Package: trig 1999/03/16 v1.09 sin cos tan (DPC)
)
(/usr/local/texlive/2012/texmf-dist/tex/latex/latexconfig/graphics.cfg
File: graphics.cfg 2010/04/23 v1.9 graphics configuration of TeX Live
)
Package graphics Info: Driver file: dvips.def on input line 91.

(/usr/local/texlive/2012/texmf-dist/tex/latex/graphics/dvips.def
File: dvips.def 1999/02/16 v3.0i Driver-dependant file (DPC,SPQR)
))
\Gin@req@height=\dimen119
\Gin@req@width=\dimen120
)
(/usr/local/texlive/2012/texmf-dist/tex/latex/hyperref/hyperref.sty
Package: hyperref 2012/05/13 v6.82q Hypertext links for LaTeX

(/usr/local/texlive/2012/texmf-dist/tex/generic/oberdiek/hobsub-hyperref.sty
Package: hobsub-hyperref 2012/05/28 v1.13 Bundle oberdiek, subset hyperref (HO)


(/usr/local/texlive/2012/texmf-dist/tex/generic/oberdiek/hobsub-generic.sty
Package: hobsub-generic 2012/05/28 v1.13 Bundle oberdiek, subset generic (HO)
Package: hobsub 2012/05/28 v1.13 Construct package bundles (HO)
Package: infwarerr 2010/04/08 v1.3 Providing info/warning/error messages (HO)
Package: ltxcmds 2011/11/09 v1.22 LaTeX kernel commands for general use (HO)
Package: ifluatex 2010/03/01 v1.3 Provides the ifluatex switch (HO)
Package ifluatex Info: LuaTeX not detected.
Package: ifvtex 2010/03/01 v1.5 Detect VTeX and its facilities (HO)
Package ifvtex Info: VTeX not detected.
Package: intcalc 2007/09/27 v1.1 Expandable calculations with integers (HO)
Package hobsub Info: Skipping package `ifpdf' (already loaded).
Package: etexcmds 2011/02/16 v1.5 Avoid name clashes with e-TeX commands (HO)
Package etexcmds Info: Could not find \expanded.
(etexcmds)             That can mean that you are not using pdfTeX 1.50 or
(etexcmds)             that some package has redefined \expanded.
(etexcmds)             In the latter case, load this package earlier.
Package: kvsetkeys 2012/04/25 v1.16 Key value parser (HO)
Package: kvdefinekeys 2011/04/07 v1.3 Define keys (HO)
Package: pdftexcmds 2011/11/29 v0.20 Utility functions of pdfTeX for LuaTeX (HO
)
Package pdftexcmds Info: LuaTeX not detected.
Package pdftexcmds Info: \pdf@primitive is available.
Package pdftexcmds Info: \pdf@ifprimitive is available.
Package pdftexcmds Info: \pdfdraftmode is ignored in DVI mode.
Package: pdfescape 2011/11/25 v1.13 Implements pdfTeX's escape features (HO)
Package: bigintcalc 2012/04/08 v1.3 Expandable calculations on big integers (HO
)
Package: bitset 2011/01/30 v1.1 Handle bit-vector datatype (HO)
Package: uniquecounter 2011/01/30 v1.2 Provide unlimited unique counter (HO)
)
Package hobsub Info: Skipping package `hobsub' (already loaded).
Package: letltxmacro 2010/09/02 v1.4 Let assignment for LaTeX macros (HO)
Package: hopatch 2012/05/28 v1.2 Wrapper for package hooks (HO)
Package: xcolor-patch 2011/01/30 xcolor patch
Package: atveryend 2011/06/30 v1.8 Hooks at the very end of document (HO)
Package atveryend Info: \enddocument detected (standard20110627).
Package: atbegshi 2011/10/05 v1.16 At begin shipout hook (HO)
Package: refcount 2011/10/16 v3.4 Data extraction from label references (HO)
Package: hycolor 2011/01/30 v1.7 Color options for hyperref/bookmark (HO)
)
(/usr/local/texlive/2012/texmf-dist/tex/generic/ifxetex/ifxetex.sty
Package: ifxetex 2010/09/12 v0.6 Provides ifxetex conditional
)
(/usr/local/texlive/2012/texmf-dist/tex/latex/oberdiek/kvoptions.sty
Package: kvoptions 2011/06/30 v3.11 Key value format for package options (HO)
)
\@linkdim=\dimen121
\Hy@linkcounter=\count111
\Hy@pagecounter=\count112

(/usr/local/texlive/2012/texmf-dist/tex/latex/hyperref/pd1enc.def
File: pd1enc.def 2012/05/13 v6.82q Hyperref: PDFDocEncoding definition (HO)
)
\Hy@SavedSpaceFactor=\count113

(/usr/local/texlive/2012/texmf-dist/tex/latex/latexconfig/hyperref.cfg
File: hyperref.cfg 2002/06/06 v1.2 hyperref configuration of TeXLive
)
Package hyperref Info: Option `breaklinks' set `true' on input line 3941.
Package hyperref Info: Hyper figures OFF on input line 4062.
Package hyperref Info: Link nesting OFF on input line 4067.
Package hyperref Info: Hyper index ON on input line 4070.
Package hyperref Info: Plain pages OFF on input line 4077.
Package hyperref Info: Backreferencing OFF on input line 4082.
Package hyperref Info: Implicit mode ON; LaTeX internals redefined.
Package hyperref Info: Bookmarks ON on input line 4300.
\c@Hy@tempcnt=\count114

(/usr/local/texlive/2012/texmf-dist/tex/latex/url/url.sty
\Urlmuskip=\muskip11
Package: url 2006/04/12  ver 3.3  Verb mode for urls, etc.
)
LaTeX Info: Redefining \url on input line 4653.
\Fld@menulength=\count115
\Field@Width=\dimen122
\Fld@charsize=\dimen123
Package hyperref Info: Hyper figures OFF on input line 5773.
Package hyperref Info: Link nesting OFF on input line 5778.
Package hyperref Info: Hyper index ON on input line 5781.
Package hyperref Info: backreferencing OFF on input line 5788.
Package hyperref Info: Link coloring OFF on input line 5793.
Package hyperref Info: Link coloring with OCG OFF on input line 5798.
Package hyperref Info: PDF/A mode OFF on input line 5803.
LaTeX Info: Redefining \ref on input line 5843.
LaTeX Info: Redefining \pageref on input line 5847.
\Hy@abspage=\count116
\c@Item=\count117
\c@Hfootnote=\count118
)

Package hyperref Message: Driver (default): hdvips.

(/usr/local/texlive/2012/texmf-dist/tex/latex/hyperref/hdvips.def
File: hdvips.def 2012/05/13 v6.82q Hyperref driver for dvips

(/usr/local/texlive/2012/texmf-dist/tex/latex/hyperref/pdfmark.def
File: pdfmark.def 2012/05/13 v6.82q Hyperref definitions for pdfmark specials


Package hyperref Warning: You have enabled option `breaklinks'.
(hyperref)                But driver `hdvips.def' does not suppport this.
(hyperref)                Expect trouble with the link areas of broken links.

\pdf@docset=\toks21
\pdf@box=\box29
\pdf@toks=\toks22
\pdf@defaulttoks=\toks23
\Fld@listcount=\count119
\c@bookmark@seq@number=\count120
(/usr/local/texlive/2012/texmf-dist/tex/latex/oberdiek/rerunfilecheck.sty
Package: rerunfilecheck 2011/04/15 v1.7 Rerun checks for auxiliary files (HO)
Package uniquecounter Info: New unique counter `rerunfilecheck' on input line 2
82.
)
\Hy@SectionHShift=\skip48
))
(/usr/local/texlive/2012/texmf-dist/tex/latex/breakurl/breakurl.sty
Package: breakurl 2009/01/24 v1.30 Breakable hyperref URLs

(/usr/local/texlive/2012/texmf-dist/tex/latex/xkeyval/xkeyval.sty
Package: xkeyval 2008/08/13 v2.6a package option processing (HA)

(/usr/local/texlive/2012/texmf-dist/tex/generic/xkeyval/xkeyval.tex
\XKV@toks=\toks24
\XKV@tempa@toks=\toks25
\XKV@depth=\count121
File: xkeyval.tex 2008/08/13 v2.6a key=value parser (HA)
))
\burl@toks=\toks26
)
(/usr/local/texlive/2012/texmf-dist/tex/latex/base/fontenc.sty
Package: fontenc 2005/09/27 v1.99g Standard LaTeX package

(/usr/local/texlive/2012/texmf-dist/tex/latex/base/t1enc.def
File: t1enc.def 2005/09/27 v1.99g Standard LaTeX file
LaTeX Font Info:    Redeclaring font encoding T1 on input line 43.
)
LaTeX Font Info:    Try loading font information for T1+MinionPro-OsF on input 
line 100.

(/home/dchoi/texmf/tex/latex/MinionPro/T1MinionPro-OsF.fd
File: T1MinionPro-OsF.fd 2005/01/23 v2.0 font definitions for T1/MinionPro-OsF.


(/home/dchoi/texmf/tex/latex/MinionPro/MinionPro-FontDef.sty
File: MinionPro-FontDef.sty 2007/02/01 v2.2 font definition macros
)))
(/usr/local/texlive/2012/texmf-dist/tex/latex/ucs/ucs.sty
Package: ucs 2004/10/17 UCS: Unicode input support

(/usr/local/texlive/2012/texmf-dist/tex/latex/ucs/data/uni-global.def
File: uni-global.def 2012/04/20 UCS: Unicode global data
)
\uc@secondtry=\count122
\uc@combtoks=\toks27
\uc@combtoksb=\toks28
\uc@temptokena=\toks29
)
(/usr/local/texlive/2012/texmf-dist/tex/latex/base/inputenc.sty
Package: inputenc 2008/03/30 v1.1d Input encoding file
\inpenc@prehook=\toks30
\inpenc@posthook=\toks31

(/usr/local/texlive/2012/texmf-dist/tex/latex/ucs/utf8x.def
File: utf8x.def 2004/10/17 UCS: Input encoding UTF-8
))
(/usr/local/texlive/2012/texmf-dist/tex/latex/appendix/appendix.sty
Package: appendix 2009/09/02 v1.2b extra appendix facilities
\c@@pps=\count123
\c@@ppsavesec=\count124
\c@@ppsaveapp=\count125
)
(/usr/local/texlive/2012/texmf-dist/tex/generic/babel/babel.sty
Package: babel 2008/07/08 v3.8m The Babel package

(/usr/local/texlive/2012/texmf-dist/tex/generic/babel/english.ldf
Language: english 2005/03/30 v3.3o English support from the babel system

(/usr/local/texlive/2012/texmf-dist/tex/generic/babel/babel.def
File: babel.def 2008/07/08 v3.8m Babel common definitions
\babel@savecnt=\count126
\U@D=\dimen124
)
\l@canadian = a dialect from \language\l@american 
\l@australian = a dialect from \language\l@british 
\l@newzealand = a dialect from \language\l@british 
))
(/usr/local/texlive/2012/texmf-dist/tex/latex/tocbibind/tocbibind.sty
Package: tocbibind 2010/10/13 v1.5k extra ToC listings
Package tocbibind Info: The document has chapter divisions on input line 50.


Package tocbibind Note: Using chapter style headings, unless overridden.

) (/usr/local/texlive/2012/texmf-dist/tex/latex/titlesec/titletoc.sty
Package: titletoc 2011/12/15 v1.6 TOC entries
\ttl@leftsep=\dimen125
)
(/usr/local/texlive/2012/texmf-dist/tex/latex/titlesec/titlesec.sty
Package: titlesec 2011/12/15 v2.10.0 Sectioning titles
\ttl@box=\box30
\beforetitleunit=\skip49
\aftertitleunit=\skip50
\ttl@plus=\dimen126
\ttl@minus=\dimen127
\ttl@toksa=\toks32
\titlewidth=\dimen128
\titlewidthlast=\dimen129
\titlewidthfirst=\dimen130
)
(/usr/local/texlive/2012/texmf-dist/tex/latex/rotating/rotating.sty
Package: rotating 2009/03/28 v2.16a rotated objects in LaTeX

(/usr/local/texlive/2012/texmf-dist/tex/latex/base/ifthen.sty
Package: ifthen 2001/05/26 v1.1c Standard LaTeX ifthen package (DPC)
)
\c@r@tfl@t=\count127
\rotFPtop=\skip51
\rotFPbot=\skip52
\rot@float@box=\box31
\rot@mess@toks=\toks33
)
(/usr/local/texlive/2012/texmf-dist/tex/latex/booktabs/booktabs.sty
Package: booktabs 2005/04/14 v1.61803 publication quality tables
\heavyrulewidth=\dimen131
\lightrulewidth=\dimen132
\cmidrulewidth=\dimen133
\belowrulesep=\dimen134
\belowbottomsep=\dimen135
\aboverulesep=\dimen136
\abovetopsep=\dimen137
\cmidrulesep=\dimen138
\cmidrulekern=\dimen139
\defaultaddspace=\dimen140
\@cmidla=\count128
\@cmidlb=\count129
\@aboverulesep=\dimen141
\@belowrulesep=\dimen142
\@thisruleclass=\count130
\@lastruleclass=\count131
\@thisrulewidth=\dimen143
)
(/usr/local/texlive/2012/texmf-dist/tex/latex/tools/longtable.sty
Package: longtable 2004/02/01 v4.11 Multi-page Table package (DPC)
\LTleft=\skip53
\LTright=\skip54
\LTpre=\skip55
\LTpost=\skip56
\LTchunksize=\count132
\LTcapwidth=\dimen144
\LT@head=\box32
\LT@firsthead=\box33
\LT@foot=\box34
\LT@lastfoot=\box35
\LT@cols=\count133
\LT@rows=\count134
\c@LT@tables=\count135
\c@LT@chunks=\count136
\LT@p@ftn=\toks34
)
(/usr/local/texlive/2012/texmf-dist/tex/latex/ms/ragged2e.sty
Package: ragged2e 2009/05/21 v2.1 ragged2e Package (MS)

(/usr/local/texlive/2012/texmf-dist/tex/latex/ms/everysel.sty
Package: everysel 2011/10/28 v1.2 EverySelectfont Package (MS)
)
\CenteringLeftskip=\skip57
\RaggedLeftLeftskip=\skip58
\RaggedRightLeftskip=\skip59
\CenteringRightskip=\skip60
\RaggedLeftRightskip=\skip61
\RaggedRightRightskip=\skip62
\CenteringParfillskip=\skip63
\RaggedLeftParfillskip=\skip64
\RaggedRightParfillskip=\skip65
\JustifyingParfillskip=\skip66
\CenteringParindent=\skip67
\RaggedLeftParindent=\skip68
\RaggedRightParindent=\skip69
\JustifyingParindent=\skip70
)
(/usr/local/texlive/2012/texmf-dist/tex/latex/caption/caption.sty
Package: caption 2012/02/19 v3.2f Customizing captions (AR)

(/usr/local/texlive/2012/texmf-dist/tex/latex/caption/caption3.sty
Package: caption3 2012/01/12 v1.4b caption3 kernel (AR)
\captionmargin=\dimen145
\captionmargin@=\dimen146
\captionwidth=\dimen147
\caption@indent=\dimen148
\caption@parindent=\dimen149
\caption@hangindent=\dimen150
)
\c@ContinuedFloat=\count137
Package caption Info: hyperref package is loaded.
Package caption Info: longtable package is loaded.

(/usr/local/texlive/2012/texmf-dist/tex/latex/caption/ltcaption.sty
Package: ltcaption 2011/09/12 v1.3 longtable captions (AR)
)
Package caption Info: rotating package is loaded.
)
(/usr/local/texlive/2012/texmf-dist/tex/latex/floatrow/floatrow.sty
Package: floatrow 2008/08/02 v0.3b floatrow: float package extension
\c@float@type=\count138
\float@exts=\toks35
\float@box=\box36
\@floatcapt=\box37
Package floatrow Info: Modified float package code loaded on input line 455.
Package floatrow Info: Modified rotfloat package code loaded on input line 473.

\FR@everyfloat=\toks36
\flrow@foot=\insert233
\FB@wd=\dimen151
\FBo@wd=\dimen152
\FBc@wd=\dimen153
\FBo@ht=\skip71
\FBc@ht=\skip72
\FBf@ht=\skip73
\FBo@max=\skip74
\FBc@max=\skip75
\FBf@max=\skip76
\c@FBl@b=\count139
\floatbox@depth=\count140
\c@FRobj=\count141
\c@FRsobj=\count142
\Xhsize=\skip77
\sXhsize=\skip78
\Zhsize=\skip79
\sZhsize=\skip80
\flrow@rowbox=\box38
\FR@Zunitlength=\dimen154
\c@FBcnt=\count143
\FPOScnt=\count144
\LTleft=\skip81
\LTright=\skip82
\LTleft=\skip83
\LTright=\skip84
\flrow@types=\toks37
)
(/usr/local/texlive/2012/texmf-dist/tex/latex/subfig/subfig.sty
Package: subfig 2005/06/28 ver: 1.3 subfig package
\c@KVtest=\count145
\sf@farskip=\skip85
\sf@captopadj=\dimen155
\sf@capskip=\skip86
\sf@nearskip=\skip87
\c@subfigure=\count146
\c@subfigure@save=\count147
\c@lofdepth=\count148
\c@subtable=\count149
\c@subtable@save=\count150
\c@lotdepth=\count151
\sf@top=\skip88
\sf@bottom=\skip89
)
(/usr/local/texlive/2012/texmf-dist/tex/latex/geometry/geometry.sty
Package: geometry 2010/09/12 v5.6 Page Geometry
\Gm@cnth=\count152
\Gm@cntv=\count153
\c@Gm@tempcnt=\count154
\Gm@bindingoffset=\dimen156
\Gm@wd@mp=\dimen157
\Gm@odd@mp=\dimen158
\Gm@even@mp=\dimen159
\Gm@layoutwidth=\dimen160
\Gm@layoutheight=\dimen161
\Gm@layouthoffset=\dimen162
\Gm@layoutvoffset=\dimen163
\Gm@dimlist=\toks38
)
(/usr/local/texlive/2012/texmf-dist/tex/latex/graphics/lscape.sty
Package: lscape 2000/10/22 v3.01 Landscape Pages (DPC)
)
(/usr/local/texlive/2012/texmf-dist/tex/latex/mdwtools/mdwlist.sty
Package: mdwlist 1996/05/02 1.1 Various list-related things
)
(/usr/local/texlive/2012/texmf-dist/tex/latex/paralist/paralist.sty
Package: paralist 2002/03/18 v2.3b Extended list environments (BS)
\pltopsep=\skip90
\plpartopsep=\skip91
\plitemsep=\skip92
\plparsep=\skip93
\pl@lab=\toks39
)
(/usr/local/texlive/2012/texmf-dist/tex/latex/hyphenat/hyphenat.sty
Package: hyphenat 2009/09/02 v2.3c hyphenation utilities
\langwohyphens=\language25
LaTeX Info: Redefining \_ on input line 43.
)
(/usr/local/texlive/2012/texmf-dist/tex/latex/fancyhdr/fancyhdr.sty
\fancy@headwidth=\skip94
\f@ncyO@elh=\skip95
\f@ncyO@erh=\skip96
\f@ncyO@olh=\skip97
\f@ncyO@orh=\skip98
\f@ncyO@elf=\skip99
\f@ncyO@erf=\skip100
\f@ncyO@olf=\skip101
\f@ncyO@orf=\skip102
))
(./muchadoaboutnothing.aux (./tex/dummy.aux) (./tex/abstract.aux)
(./tex/acknowledgement.aux) (./tex/dedication.aux)
(./tex/background_chapter.aux) (./tex/objective_chapter.aux)
(./tex/data_method_chapter.aux) (./tex/improved_cligen_chapter.aux)
(./tex/temporal_resolution_chapter.aux)
(./tex/continue_discontinue_rainfall_chapter.aux)
(./tex/intensity_pattern_chapter.aux) (./tex/future_erosion_chapter.aux)
(./tex/conclusion_chapter.aux) (./tex/observed_rainfall_chapter.aux)
(./tex/appendixA.aux) (./tex/appendixB.aux) (./tex/appendixC.aux)
(./tex/appendixD.aux))
\openout1 = `muchadoaboutnothing.aux'.

LaTeX Font Info:    Checking defaults for OML/cmm/m/it on input line 6.
LaTeX Font Info:    ... okay on input line 6.
LaTeX Font Info:    Checking defaults for T1/cmr/m/n on input line 6.
LaTeX Font Info:    ... okay on input line 6.
LaTeX Font Info:    Checking defaults for OT1/cmr/m/n on input line 6.
LaTeX Font Info:    ... okay on input line 6.
LaTeX Font Info:    Checking defaults for OMS/cmsy/m/n on input line 6.
LaTeX Font Info:    ... okay on input line 6.
LaTeX Font Info:    Checking defaults for OMX/cmex/m/n on input line 6.
LaTeX Font Info:    ... okay on input line 6.
LaTeX Font Info:    Checking defaults for U/cmr/m/n on input line 6.
LaTeX Font Info:    ... okay on input line 6.
LaTeX Font Info:    Checking defaults for TS1/cmr/m/n on input line 6.
LaTeX Font Info:    Try loading font information for TS1+cmr on input line 6.

(/usr/local/texlive/2012/texmf-dist/tex/latex/base/ts1cmr.fd
File: ts1cmr.fd 1999/05/25 v2.5h Standard LaTeX font definitions
)
LaTeX Font Info:    ... okay on input line 6.
LaTeX Font Info:    Checking defaults for PD1/pdf/m/n on input line 6.
LaTeX Font Info:    ... okay on input line 6.
\AtBeginShipoutBox=\box39
Package hyperref Info: Link coloring OFF on input line 6.

(/usr/local/texlive/2012/texmf-dist/tex/latex/hyperref/nameref.sty
Package: nameref 2010/04/30 v2.40 Cross-referencing by name of section

(/usr/local/texlive/2012/texmf-dist/tex/generic/oberdiek/gettitlestring.sty
Package: gettitlestring 2010/12/03 v1.4 Cleanup title references (HO)
)
\c@section@level=\count155
)
LaTeX Info: Redefining \ref on input line 6.
LaTeX Info: Redefining \pageref on input line 6.
LaTeX Info: Redefining \nameref on input line 6.

(./muchadoaboutnothing.out) (./muchadoaboutnothing.out)
\@outlinefile=\write3
\openout3 = `muchadoaboutnothing.out'.


(/usr/local/texlive/2012/texmf-dist/tex/latex/ucs/ucsencs.def
File: ucsencs.def 2011/01/21 Fixes to fontencodings LGR, T3
)
ABD: EverySelectfont initializing macros
LaTeX Info: Redefining \selectfont on input line 6.
Package caption Info: Begin \AtBeginDocument code.
Package caption Info: subfig package v1.3 is loaded.
Package caption Info: float package is loaded.
Package caption Info: floatrow package is loaded.
Package caption Info: End \AtBeginDocument code.

(/usr/local/texlive/2012/texmf-dist/tex/latex/graphics/color.sty
Package: color 2005/11/14 v1.0j Standard LaTeX Color (DPC)

(/usr/local/texlive/2012/texmf-dist/tex/latex/latexconfig/color.cfg
File: color.cfg 2007/01/18 v1.5 color configuration of teTeX/TeXLive
)
Package color Info: Driver file: dvips.def on input line 130.

(/usr/local/texlive/2012/texmf-dist/tex/latex/graphics/dvipsnam.def
File: dvipsnam.def 1999/02/16 v3.0i Driver-dependant file (DPC,SPQR)
))
(/usr/local/texlive/2012/texmf-dist/tex/latex/floatrow/fr-subfig.sty
Package: fr-subfig 2007/12/24 v0.1g (beta) floatrow: additions for subfig
\FBsc@max=\skip103
\FBso@max=\skip104
)
(/usr/local/texlive/2012/texmf-dist/tex/latex/floatrow/fr-longtable.sty
Package: fr-longtable 2007/11/28 v0.1b (beta) floatrow: additions for longtable

\flrow@LT@lasthead=\box40
\flrow@LT@prelastfoot=\box41
\c@FBLTpage=\count156
)
*geometry* driver: auto-detecting
*geometry* detected driver: dvips
*geometry* verbose mode - [ preamble ] result:
* driver: dvips
* paper: a4paper
* layout: <same size as paper>
* layoutoffset:(h,v)=(0.0pt,0.0pt)
* modes: 
* h-part:(L,W,R)=(108.12047pt, 415.41023pt, 73.97717pt)
* v-part:(T,H,B)=(99.58464pt, 640.187pt, 105.2752pt)
* \paperwidth=597.50787pt
* \paperheight=845.04684pt
* \textwidth=415.41023pt
* \textheight=640.187pt
* \oddsidemargin=35.85048pt
* \evensidemargin=35.85048pt
* \topmargin=-4.55914pt
* \headheight=14.0pt
* \headsep=19.8738pt
* \topskip=12.0pt
* \footskip=30.0pt
* \marginparwidth=38.0pt
* \marginparsep=7.0pt
* \columnsep=10.0pt
* \skip\footins=10.8pt plus 4.0pt minus 2.0pt
* \hoffset=0.0pt
* \voffset=0.0pt
* \mag=1000
* \@twocolumnfalse
* \@twosidefalse
* \@mparswitchfalse
* \@reversemarginfalse
* (1in=72.27pt=25.4mm, 1cm=28.453pt)

LaTeX Font Info:    Font shape `T1/MinionPro-OsF/bx/n' in size <17.28> not avai
lable
(Font)              Font shape `T1/MinionPro-OsF/b/n' tried instead on input li
ne 14.
LaTeX Font Info:    Font shape `T1/MinionPro-OsF/bx/n' in size <14.4> not avail
able
(Font)              Font shape `T1/MinionPro-OsF/b/n' tried instead on input li
ne 14.
[1


]
\openout2 = `./tex/dummy.aux'.

 (./tex/dummy.tex) [2

]
\openout2 = `./tex/abstract.aux'.

 (./tex/abstract.tex
LaTeX Font Info:    Font shape `T1/MinionPro-OsF/bx/n' in size <20.74> not avai
lable
(Font)              Font shape `T1/MinionPro-OsF/b/n' tried instead on input li
ne 1.
LaTeX Font Info:    Font shape `T1/MinionPro-OsF/bx/n' in size <10> not availab
le
(Font)              Font shape `T1/MinionPro-OsF/b/n' tried instead on input li
ne 142.
 [1




])
\openout2 = `./tex/acknowledgement.aux'.

 (./tex/acknowledgement.tex
[2



])
\openout2 = `./tex/dedication.aux'.

 (./tex/dedication.tex
LaTeX Font Info:    Try loading font information for T1+fi4 on input line 2.

(/usr/local/texlive/2012/texmf-dist/tex/latex/inconsolata/t1fi4.fd
File: t1fi4.fd 2009/05/28 T1/Inconsolata
)
LaTeX Font Info:    Font shape `T1/fi4/m/n' will be
(Font)              scaled to size 10.79993pt on input line 2.
 [3



])
LaTeX Font Info:    Font shape `T1/MinionPro-OsF/bx/n' in size <24.88> not avai
lable
(Font)              Font shape `T1/MinionPro-OsF/b/n' tried instead on input li
ne 26.

(./muchadoaboutnothing.toc
LaTeX Font Info:    Font shape `T1/MinionPro-OsF/bx/n' in size <12> not availab
le
(Font)              Font shape `T1/MinionPro-OsF/b/n' tried instead on input li
ne 11.
LaTeX Font Info:    Font shape `T1/MinionPro-OsF/bx/sc' in size <12> not availa
ble
(Font)              Font shape `T1/MinionPro-OsF/b/sc' tried instead on input l
ine 11.
LaTeX Font Info:    Font shape `T1/MinionPro-OsF/bx/sc' in size <14.4> not avai
lable
(Font)              Font shape `T1/MinionPro-OsF/b/sc' tried instead on input l
ine 11.
LaTeX Font Info:    Try loading font information for OML+MinionPro-TOsF on inpu
t line 13.

(/home/dchoi/texmf/tex/latex/MinionPro/OMLMinionPro-TOsF.fd
File: OMLMinionPro-TOsF.fd 2005/01/23 v2.0 font definitions for OML/MinionPro-T
OsF.

(/home/dchoi/texmf/tex/latex/MinionPro/MinionPro-FontDef.sty
File: MinionPro-FontDef.sty 2007/02/01 v2.2 font definition macros
)) [4


] [5] [6]
[7])
\tf@toc=\write4
\openout4 = `muchadoaboutnothing.toc'.

 [8] (./muchadoaboutnothing.lof [9

]
LaTeX Font Info:    Try loading font information for TS1+MinionPro-OsF on input
 line 89.

(/home/dchoi/texmf/tex/latex/MinionPro/TS1MinionPro-OsF.fd
File: TS1MinionPro-OsF.fd 2005/01/23 v2.0 font definitions for TS1/MinionPro-Os
F.

(/home/dchoi/texmf/tex/latex/MinionPro/MinionPro-FontDef.sty
File: MinionPro-FontDef.sty 2007/02/01 v2.2 font definition macros
)) [10])
\tf@lof=\write5
\openout5 = `muchadoaboutnothing.lof'.

 [11]
(./muchadoaboutnothing.lot
Underfull \hbox (badness 3407) in paragraph at lines 20--20
 [][][] [][]\T1/MinionPro-OsF/m/n/12 Simulated an-nual av-er-age soil loss on h
ill-slopes us-ing CLIGEN- 
 []

[12

])
\tf@lot=\write6
\openout6 = `muchadoaboutnothing.lot'.

LaTeX Font Info:    Font shape `T1/MinionPro-OsF/bx/n' in size <8> not availabl
e
(Font)              Font shape `T1/MinionPro-OsF/b/n' tried instead on input li
ne 40.
LaTeX Font Info:    Font shape `T1/MinionPro-OsF/bx/it' in size <8> not availab
le
(Font)              Font shape `T1/MinionPro-OsF/b/it' tried instead on input l
ine 40.
 [13]
LaTeX Font Info:    Font shape `T1/MinionPro-OsF/bx/sw' in size <14.4> not avai
lable
(Font)              Font shape `T1/MinionPro-OsF/b/sw' tried instead on input l
ine 42.
LaTeX Font Info:    Font shape `T1/MinionPro-OsF/bx/sw' in size <20.74> not ava
ilable
(Font)              Font shape `T1/MinionPro-OsF/b/sw' tried instead on input l
ine 42.
LaTeX Font Info:    Font shape `T1/MinionPro-OsF/bx/sc' in size <17.28> not ava
ilable
(Font)              Font shape `T1/MinionPro-OsF/b/sc' tried instead on input l
ine 42.
 [1


]
\openout2 = `./tex/background_chapter.aux'.

 (./tex/background_chapter.tex
Chapter 1.
[2


] [3] (./tex/soil_erosion_processes.tex [4] [5]
File: ./img/kinnell.eps Graphic file (type eps)
 <./img/kinnell.eps>
LaTeX Font Info:    Try loading font information for T1+Myriad-OsF on input lin
e 127.

(/home/dchoi/texmf/tex/latex/MyriadPro/T1Myriad-OsF.fd
File: T1Myriad-OsF.fd 2004/10/15 font definitions for T1/Myriad-OsF.
)
LaTeX Font Info:    Font shape `T1/Myriad-OsF/bx/n' in size <10.95> not availab
le
(Font)              Font shape `T1/Myriad-OsF/b/n' tried instead on input line 
127.
 [6] [7] [8] [9]
[10] [11] [12]) (./tex/intensity_erosion.tex [13]
LaTeX Font Info:    Font shape `T1/MinionPro-OsF/bx/it' in size <12> not availa
ble
(Font)              Font shape `T1/MinionPro-OsF/b/it' tried instead on input l
ine 31.
 [14] [15])
(./tex/intensity_climate.tex [16] [17] [18] [19]) (./tex/erosion_model.tex
[20]
LaTeX Font Info:    Font shape `T1/MinionPro-OsF/bx/n' in size <10.95> not avai
lable
(Font)              Font shape `T1/MinionPro-OsF/b/n' tried instead on input li
ne 50.
 [21] [22]
File: ./img/modelling_phases.eps Graphic file (type eps)
 <./img/modelling_phases.eps> [23] [24] [25] [26] [27]
File: ./img/wepp_flowchart.eps Graphic file (type eps)

<./img/wepp_flowchart.eps> [28] [29] [30]
LaTeX Font Info:    Try loading font information for U+MinionPro-Extra on input
 line 408.

(/home/dchoi/texmf/tex/latex/MinionPro/UMinionPro-Extra.fd
File: UMinionPro-Extra.fd 2005/01/23 v2.0 font definitions for U/MinionPro-Extr
a.

(/home/dchoi/texmf/tex/latex/MinionPro/MinionPro-FontDef.sty
File: MinionPro-FontDef.sty 2007/02/01 v2.2 font definition macros
)) [31] [32]
[33] [34]
File: ./img/eurosem_flow_chart.eps Graphic file (type eps)
 <./img/eurosem_flow_chart.eps> [35] [36] [37] [38] [39]
Underfull \hbox (badness 1622) in paragraph at lines 703--711
[][]\T1/MinionPro-OsF/m/n/12 The de-vel-op-ment of the RillGrow model ([]Favis-
Mortlock[][], []1996[][], []1998\T1/MinionPro-OsF/m/it/12 b[][]\T1/MinionPro-Os
F/m/n/12 ; []Favis-
 []

[40]
File: ./img/rillgrow_feedback_concept.eps Graphic file (type eps)
 <./img/rillgrow_feedback_concept.eps> [41] [42] [43])) [44]
\openout2 = `./tex/objective_chapter.aux'.


(./tex/objective_chapter.tex
Chapter 2.
[45



] [46]
LaTeX Font Info:    Font shape `T1/MinionPro-OsF/m/sl' in size <12> not availab
le
(Font)              Font shape `T1/MinionPro-OsF/m/it' tried instead on input l
ine 95.
 [47] [48] [49] [50] [51] [52]) [53]
\openout2 = `./tex/data_method_chapter.aux'.

 (./tex/data_method_chapter.tex
Chapter 3.
[54



] [55]
LaTeX Font Info:    Font shape `T1/MinionPro-TOsF/bx/n' in size <10.95> not ava
ilable
(Font)              Font shape `T1/MinionPro-TOsF/b/n' tried instead on input l
ine 110.
File: ./img/ukoutline.eps Graphic file (type eps)
 <./img/ukoutline.eps>
File: ./img/dailydatasite.eps Graphic file (type eps)
 <./img/dailydatasite.eps> [56] [57]
File: ./img/eventdatasite.eps Graphic file (type eps)

<./img/eventdatasite.eps> [58] [59]
File: ./img/woodingdean.eps Graphic file (type eps)
 <./img/woodingdean.eps> [60] [61] [62]
[63] [64] [65] [66] [67]) [68] [69


]
\openout2 = `./tex/improved_cligen_chapter.aux'.

 (./tex/improved_cligen_chapter.tex
Chapter 4.
[70


] [71] [72]
File: ./img/cligen_annual_amount_series.eps Graphic file (type eps)
 <./img/cligen_annual_amount_series.eps>
File: ./img/cligen_annual_duration_series.eps Graphic file (type eps)

<./img/cligen_annual_duration_series.eps> [73] [74]
File: ./img/cligen_monthly_max_int_org.eps Graphic file (type eps)

<./img/cligen_monthly_max_int_org.eps>
File: ./img/cligen_monthly_max_int_mod.eps Graphic file (type eps)
 <./img/cligen_monthly_max_int_mod.eps>
File: ./img/cligen_monthly_max_int_by_month.eps Graphic file (type eps)

<./img/cligen_monthly_max_int_by_month.eps> [75] [76] [77] [78]
File: ./img/calibration.eps Graphic file (type eps)

<./img/calibration.eps> [79]
File: ./img/cligen_annual_runoff_serise_old_original.eps Graphic file (type eps
)

<./img/cligen_annual_runoff_serise_old_original.eps>
LaTeX Font Info:    Font shape `T1/Myriad-OsF/bx/n' in size <10> not available
(Font)              Font shape `T1/Myriad-OsF/b/n' tried instead on input line 
383.
File: ./img/cligen_annual_runoff_serise_old_updated.eps Graphic file (type eps)


<./img/cligen_annual_runoff_serise_old_updated.eps>
File: ./img/cligen_annual_runoff_serise_new_original.eps Graphic file (type eps
)

<./img/cligen_annual_runoff_serise_new_original.eps>
File: ./img/cligen_annual_runoff_serise_new_updated.eps Graphic file (type eps)


<./img/cligen_annual_runoff_serise_new_updated.eps>
File: ./img/cligen_annual_sloss_serise_old_original.eps Graphic file (type eps)


<./img/cligen_annual_sloss_serise_old_original.eps>
File: ./img/cligen_annual_sloss_serise_old_updated.eps Graphic file (type eps)

<./img/cligen_annual_sloss_serise_old_updated.eps>
File: ./img/cligen_annual_sloss_serise_new_original.eps Graphic file (type eps)


<./img/cligen_annual_sloss_serise_new_original.eps>
File: ./img/cligen_annual_sloss_serise_new_updated.eps Graphic file (type eps)

<./img/cligen_annual_sloss_serise_new_updated.eps> [80] [81] [82] [83]
File: ./img/mean_p_cligen.eps Graphic file (type eps)

<./img/mean_p_cligen.eps>
File: ./img/mx5p_cligen.eps Graphic file (type eps)
 <./img/mx5p_cligen.eps> [84] [85] [86] [87] [88]
[89]) [90]
\openout2 = `./tex/temporal_resolution_chapter.aux'.

 (./tex/temporal_resolution_chapter.tex
Chapter 5.
[91



] [92] [93] [94]
File: ./img/eurosem_cligen_workaround.eps Graphic file (type eps)
 <./img/eurosem_cligen_workaround.eps> [95] [96]
File: ./img/dr_storm_1min.eps Graphic file (type eps)

<./img/dr_storm_1min.eps>
File: ./img/dr_storm_5min.eps Graphic file (type eps)
 <./img/dr_storm_5min.eps>
File: ./img/dr_storm_15min.eps Graphic file (type eps)
 <./img/dr_storm_15min.eps>
File: ./img/dr_storm_30min.eps Graphic file (type eps)

<./img/dr_storm_30min.eps>
File: ./img/dr_storm_60min.eps Graphic file (type eps)
 <./img/dr_storm_60min.eps>
File: ./img/pl_storm_1min.eps Graphic file (type eps)

<./img/pl_storm_1min.eps>
File: ./img/pl_storm_5min.eps Graphic file (type eps)
 <./img/pl_storm_5min.eps>
File: ./img/pl_storm_15min.eps Graphic file (type eps)
 <./img/pl_storm_15min.eps>
File: ./img/pl_storm_30min.eps Graphic file (type eps)

<./img/pl_storm_30min.eps>
File: ./img/pl_storm_60min.eps Graphic file (type eps)
 <./img/pl_storm_60min.eps> [97] [98] [99] [100]
[101] [102] [103]
File: ./img/wepp_runoff_temp_scale.eps Graphic file (type eps)
 <./img/wepp_runoff_temp_scale.eps>
File: ./img/wepp_sloss_temp_scale.eps Graphic file (type eps)

<./img/wepp_sloss_temp_scale.eps>
File: ./img/eurosem_roff_temp_scale.eps Graphic file (type eps)
 <./img/eurosem_roff_temp_scale.eps>
File: ./img/eurosem_sloss_temp_scale.eps Graphic file (type eps)

<./img/eurosem_sloss_temp_scale.eps> [104] [105] [106] [107] [108] [109]
[110] [111] [112] [113]
Underfull \hbox (badness 2772) in paragraph at lines 859--866
[][]\T1/MinionPro-OsF/m/n/12 All these changes---lowering of in-tens-it-ies and
 shift-ing the loc-a-tion of peak
 []


Underfull \hbox (badness 1466) in paragraph at lines 859--866
\T1/MinionPro-OsF/m/n/12 intensities---will of course oc-cur sim-ul-tan-eously 
when the tem-poral res-ol-u-tion of
 []

[114] [115] [116] [117] [118]) [119]
\openout2 = `./tex/continue_discontinue_rainfall_chapter.aux'.


(./tex/continue_discontinue_rainfall_chapter.tex
Chapter 6.
[120



] [121]
File: ./img/rainfall_discont_cont_input.eps Graphic file (type eps)
 <./img/rainfall_discont_cont_input.eps>
File: ./img/rg2_input_continuous.eps Graphic file (type eps)

<./img/rg2_input_continuous.eps>
File: ./img/rg2_input_discontinuous.eps Graphic file (type eps)
 <./img/rg2_input_discontinuous.eps> [122]
[123] [124] [125]
Underfull \hbox (badness 2418) in paragraph at lines 249--255
[] []\T1/MinionPro-OsF/b/n/12 RillGrow without in-filt-ra-tion com-pon-ent[] []
\T1/MinionPro-OsF/m/n/12 First of all, sim-u-la-tion res-ults from
 []

[126] [127]
File: ./img/intensity_continuous.eps Graphic file (type eps)
 <./img/intensity_continuous.eps>
File: ./img/intensity_discontinuous.eps Graphic file (type eps)

<./img/intensity_discontinuous.eps> [128] [129]) [130]
\openout2 = `./tex/intensity_pattern_chapter.aux'.


(./tex/intensity_pattern_chapter.tex
Chapter 7.
[131



]
Underfull \hbox (badness 2326) in paragraph at lines 48--56
[]\T1/MinionPro-OsF/m/n/12 A series of rain-fall data for storms with vary-ing 
WSIP---increasing, de-creas-ing,
 []

[132]
File: ./img/wepp_input_increase_6hr.eps Graphic file (type eps)
 <./img/wepp_input_increase_6hr.eps>
File: ./img/wepp_input_decrease_6hr.eps Graphic file (type eps)
 <./img/wepp_input_decrease_6hr.eps>
File: ./img/wepp_input_constant_6hr.eps Graphic file (type eps)

<./img/wepp_input_constant_6hr.eps>
File: ./img/wepp_input_increase_decrease_6hr.eps Graphic file (type eps)

<./img/wepp_input_increase_decrease_6hr.eps>
File: ./img/wepp_input_increase_2hr.eps Graphic file (type eps)

<./img/wepp_input_increase_2hr.eps>
File: ./img/wepp_input_decrease_2hr.eps Graphic file (type eps)
 <./img/wepp_input_decrease_2hr.eps>
File: ./img/wepp_input_constant_2hr.eps Graphic file (type eps)

<./img/wepp_input_constant_2hr.eps>
File: ./img/wepp_input_increase_decrease_2hr.eps Graphic file (type eps)

<./img/wepp_input_increase_decrease_2hr.eps> [133]
File: ./img/rg2_input_increase.eps Graphic file (type eps)

<./img/rg2_input_increase.eps>
File: ./img/rg2_input_decrease.eps Graphic file (type eps)
 <./img/rg2_input_decrease.eps>
File: ./img/rg2_input_control.eps Graphic file (type eps)

<./img/rg2_input_control.eps>
File: ./img/rg2_input_increase_decrease.eps Graphic file (type eps)
 <./img/rg2_input_increase_decrease.eps> [134]
LaTeX Font Info:    Font shape `T1/MinionPro-TOsF/bx/n' in size <12> not availa
ble
(Font)              Font shape `T1/MinionPro-TOsF/b/n' tried instead on input l
ine 185.

[135] [136] [137] [138]
LaTeX Font Info:    Font shape `T1/MinionPro-TOsF/bx/n' in size <8> not availab
le
(Font)              Font shape `T1/MinionPro-TOsF/b/n' tried instead on input l
ine 454.
 [139] [140]
Underfull \hbox (badness 2326) in paragraph at lines 544--544
 |[][]\T1/MinionPro-OsF/b/n/17.28 Summary of Model Sim-u-la-tion Res-ult: Ef-fe
ct of
 []

[141] [142] [143] [144]) [145] [146


]
\openout2 = `./tex/future_erosion_chapter.aux'.

 (./tex/future_erosion_chapter.tex
Chapter 8.
[147


] (./tex/building_intensity_scenarios.tex [148] [149] [150] [151] [152]
LaTeX Font Info:    Font shape `T1/MinionPro-TOsF/bx/n' in size <10> not availa
ble
(Font)              Font shape `T1/MinionPro-TOsF/b/n' tried instead on input l
ine 195.

[153] [154]
File: ./img/future_erosion_flowchart.eps Graphic file (type eps)
 <./img/future_erosion_flowchart.eps>) [155] [156]
File: ./img/wepp_respond_to_int_changes_mod.eps Graphic file (type eps)

<./img/wepp_respond_to_int_changes_mod.eps> [157] [158] [159] [160]
File: ./img/annual_future_rainfall.eps Graphic file (type eps)

<./img/annual_future_rainfall.eps>
File: ./img/future_rainfall_duration_change.eps Graphic file (type eps)
 <./img/future_rainfall_duration_change.eps>
[161]
File: ./img/future_monthly_intensity_wet.eps Graphic file (type eps)
 <./img/future_monthly_intensity_wet.eps>
File: ./img/future_monthly_intensity_dry.eps Graphic file (type eps)

<./img/future_monthly_intensity_dry.eps>
File: ./img/future_roff_change.eps Graphic file (type eps)
 <./img/future_roff_change.eps>
[162] [163]
File: ./img/future_sloss_change.eps Graphic file (type eps)
 <./img/future_sloss_change.eps> [164]
File: ./img/event_original.eps Graphic file (type eps)
 <./img/event_original.eps>
File: ./img/event_dry_incr_5.eps Graphic file (type eps)

<./img/event_dry_incr_5.eps>
File: ./img/event_dry_incr_10.eps Graphic file (type eps)
 <./img/event_dry_incr_10.eps> [165] [166] [167]
[168]) [169] [170


]
\openout2 = `./tex/conclusion_chapter.aux'.

 (./tex/conclusion_chapter.tex
Chapter 9.
[171


] [172] [173] [174] [175] [176] [177]
Underfull \hbox (badness 1715) in paragraph at lines 275--277
[][]\T1/MinionPro-OsF/m/n/12 More labor-at-ory ex-per-i-ments on ef-fects of Wi
thin-Storm In-tens-ity Pat-terns
 []

) [178] (./muchadoaboutnothing.bbl
LaTeX Font Info:    Font shape `T1/fi4/m/n' will be
(Font)              scaled to size 9.85492pt on input line 27.

Underfull \hbox (badness 1708) in paragraph at lines 74--77
[][]\T1/MinionPro-OsF/b/n/10.95 Boardman, J., Par-sons, A. J., Hol-land, R., Ho
lmes, P. J. and Wash-ing-ton, R. \T1/MinionPro-OsF/m/n/10.95 (2003)
 []

[179


]
Underfull \hbox (badness 1960) in paragraph at lines 115--119
\T1/MinionPro-OsF/m/n/10.95 trans-port in a semi-arid sub-andean val-ley'.  \T1
/MinionPro-OsF/m/it/10.95 Earth Sur-face Pro-cesses and Land-forms
 []

[180] [181] [182] [183] [184]
Underfull \hbox (badness 2608) in paragraph at lines 591--596
[][]\T1/MinionPro-OsF/b/n/10.95 Mearns, L. O., Giorgi, F., Whetton, P., Pa-bon,
 D., Hulme, M. and Lal, M. \T1/MinionPro-OsF/m/n/10.95 (2003)
 []

[185]
Underfull \hbox (badness 2376) in paragraph at lines 697--700
[][]\T1/MinionPro-OsF/b/n/10.95 Nearing, M. A., Jetten, V., Baf-faut, C., Cerda
n, O., Cou-tur-ier, A., Hernan-dez, M.,
 []

[186]
Underfull \hbox (badness 3780) in paragraph at lines 745--749
[][]\T1/MinionPro-OsF/b/n/10.95 Osborn, T. J. and Hulme, M. \T1/MinionPro-OsF/m
/n/10.95 (1998) `Eval-u-ation of the European daily pre-cip-it-a-tion
 []

[187] [188] [189]) [190]
LaTeX Font Info:    Font shape `T1/MinionPro-OsF/bx/sc' in size <20.74> not ava
ilable
(Font)              Font shape `T1/MinionPro-OsF/b/sc' tried instead on input l
ine 97.
 [191

]
\openout2 = `./tex/observed_rainfall_chapter.aux'.

 (./tex/observed_rainfall_chapter.tex
Appendix A.
[192


] [193] [194]
File: ./img/grid_annual_amount.eps Graphic file (type eps)
 <./img/grid_annual_amount.eps>
File: ./img/grid_DJF_trend.eps Graphic file (type eps)
 <./img/grid_DJF_trend.eps>
File: ./img/grid_MAM_trend.eps Graphic file (type eps)

<./img/grid_MAM_trend.eps>
File: ./img/grid_JJA_trend.eps Graphic file (type eps)
 <./img/grid_JJA_trend.eps>
File: ./img/grid_SON_trend.eps Graphic file (type eps)

<./img/grid_SON_trend.eps>
LaTeX Font Info:    Try loading font information for TS1+Myriad-OsF on input li
ne 222.

(/home/dchoi/texmf/tex/latex/MyriadPro/TS1Myriad-OsF.fd
File: TS1Myriad-OsF.fd 2004/10/15 font definitions for TS1/Myriad-OsF.
)
File: ./img/grid_average_monthly.eps Graphic file (type eps)

<./img/grid_average_monthly.eps> [195] [196]
File: ./img/grid_july_trend.eps Graphic file (type eps)
 <./img/grid_july_trend.eps>
File: ./img/dr_rr.eps Graphic file (type eps)

<./img/dr_rr.eps>
File: ./img/so_rr.eps Graphic file (type eps)
 <./img/so_rr.eps>
File: ./img/pl_rr.eps Graphic file (type eps)
 <./img/pl_rr.eps>
File: ./img/pb_rr.eps Graphic file (type eps)
 <./img/pb_rr.eps>
File: ./img/sdr_rr.eps Graphic file (type eps)

<./img/sdr_rr.eps>
File: ./img/ew_rr.eps Graphic file (type eps)
 <./img/ew_rr.eps>
File: ./img/ft_rr.eps Graphic file (type eps)
 <./img/ft_rr.eps>
File: ./img/li_rr.eps Graphic file (type eps)
 <./img/li_rr.eps>
File: ./img/hpf_rr.eps Graphic file (type eps)

<./img/hpf_rr.eps>
File: ./img/hd_rr.eps Graphic file (type eps)
 <./img/hd_rr.eps>
File: ./img/ff_rr.eps Graphic file (type eps)
 <./img/ff_rr.eps> [197]
File: ./img/dr_rr1.eps Graphic file (type eps)

<./img/dr_rr1.eps>
File: ./img/so_rr1.eps Graphic file (type eps)
 <./img/so_rr1.eps>
File: ./img/pl_rr1.eps Graphic file (type eps)
 <./img/pl_rr1.eps>
File: ./img/pb_rr1.eps Graphic file (type eps)
 <./img/pb_rr1.eps>
File: ./img/sdr_rr1.eps Graphic file (type eps)

<./img/sdr_rr1.eps>
File: ./img/ew_rr1.eps Graphic file (type eps)
 <./img/ew_rr1.eps>
File: ./img/ft_rr1.eps Graphic file (type eps)
 <./img/ft_rr1.eps>
File: ./img/li_rr1.eps Graphic file (type eps)
 <./img/li_rr1.eps>
File: ./img/hpf_rr1.eps Graphic file (type eps)

<./img/hpf_rr1.eps>
File: ./img/hd_rr1.eps Graphic file (type eps)
 <./img/hd_rr1.eps>
File: ./img/ff_rr1.eps Graphic file (type eps)
 <./img/ff_rr1.eps>
File: ./img/dr_sdii.eps Graphic file (type eps)
 <./img/dr_sdii.eps>
File: ./img/so_sdii.eps Graphic file (type eps)

<./img/so_sdii.eps>
File: ./img/pl_sdii.eps Graphic file (type eps)
 <./img/pl_sdii.eps>
File: ./img/pb_sdii.eps Graphic file (type eps)
 <./img/pb_sdii.eps>
File: ./img/sdr_sdii.eps Graphic file (type eps)

<./img/sdr_sdii.eps>
File: ./img/ew_sdii.eps Graphic file (type eps)
 <./img/ew_sdii.eps>
File: ./img/ft_sdii.eps Graphic file (type eps)
 <./img/ft_sdii.eps>
File: ./img/li_sdii.eps Graphic file (type eps)

<./img/li_sdii.eps>
File: ./img/hpf_sdii.eps Graphic file (type eps)
 <./img/hpf_sdii.eps>
File: ./img/hd_sdii.eps Graphic file (type eps)
 <./img/hd_sdii.eps>
File: ./img/ff_sdii.eps Graphic file (type eps)

<./img/ff_sdii.eps>
File: ./img/dr_r10mm.eps Graphic file (type eps)
 <./img/dr_r10mm.eps>
File: ./img/so_r10mm.eps Graphic file (type eps)
 <./img/so_r10mm.eps>
File: ./img/pl_r10mm.eps Graphic file (type eps)

<./img/pl_r10mm.eps>
File: ./img/pb_r10mm.eps Graphic file (type eps)
 <./img/pb_r10mm.eps>
File: ./img/sdr_r10mm.eps Graphic file (type eps)
 <./img/sdr_r10mm.eps>
File: ./img/ew_r10mm.eps Graphic file (type eps)

<./img/ew_r10mm.eps>
File: ./img/ft_r10mm.eps Graphic file (type eps)
 <./img/ft_r10mm.eps>
File: ./img/li_r10mm.eps Graphic file (type eps)
 <./img/li_r10mm.eps>
File: ./img/hpf_r10mm.eps Graphic file (type eps)

<./img/hpf_r10mm.eps>
File: ./img/hd_r10mm.eps Graphic file (type eps)
 <./img/hd_r10mm.eps>
File: ./img/ff_r10mm.eps Graphic file (type eps)
 <./img/ff_r10mm.eps>
File: ./img/dr_r10p.eps Graphic file (type eps)

<./img/dr_r10p.eps>
File: ./img/so_r10p.eps Graphic file (type eps)
 <./img/so_r10p.eps>
File: ./img/pl_r10p.eps Graphic file (type eps)
 <./img/pl_r10p.eps>
File: ./img/pb_r10p.eps Graphic file (type eps)

<./img/pb_r10p.eps>
File: ./img/sdr_r10p.eps Graphic file (type eps)
 <./img/sdr_r10p.eps>
File: ./img/ew_r10p.eps Graphic file (type eps)
 <./img/ew_r10p.eps>
File: ./img/ft_r10p.eps Graphic file (type eps)

<./img/ft_r10p.eps>
File: ./img/li_r10p.eps Graphic file (type eps)
 <./img/li_r10p.eps>
File: ./img/hpf_r10p.eps Graphic file (type eps)
 <./img/hpf_r10p.eps>
File: ./img/hd_r10p.eps Graphic file (type eps)

<./img/hd_r10p.eps>
File: ./img/ff_r10p.eps Graphic file (type eps)
 <./img/ff_r10p.eps>
File: ./img/dr_r20mm.eps Graphic file (type eps)
 <./img/dr_r20mm.eps>
File: ./img/so_r20mm.eps Graphic file (type eps)

<./img/so_r20mm.eps>
File: ./img/pl_r20mm.eps Graphic file (type eps)
 <./img/pl_r20mm.eps>
File: ./img/pb_r20mm.eps Graphic file (type eps)
 <./img/pb_r20mm.eps>
File: ./img/sdr_r20mm.eps Graphic file (type eps)

<./img/sdr_r20mm.eps>
File: ./img/ew_r20mm.eps Graphic file (type eps)
 <./img/ew_r20mm.eps>
File: ./img/ft_r20mm.eps Graphic file (type eps)
 <./img/ft_r20mm.eps>
File: ./img/li_r20mm.eps Graphic file (type eps)

<./img/li_r20mm.eps>
File: ./img/hpf_r20mm.eps Graphic file (type eps)
 <./img/hpf_r20mm.eps>
File: ./img/hd_r20mm.eps Graphic file (type eps)
 <./img/hd_r20mm.eps>
File: ./img/ff_r20mm.eps Graphic file (type eps)

<./img/ff_r20mm.eps>
File: ./img/dr_r20p.eps Graphic file (type eps)
 <./img/dr_r20p.eps>
File: ./img/so_r20p.eps Graphic file (type eps)
 <./img/so_r20p.eps>
File: ./img/pl_r20p.eps Graphic file (type eps)

<./img/pl_r20p.eps>
File: ./img/pb_r20p.eps Graphic file (type eps)
 <./img/pb_r20p.eps>
File: ./img/sdr_r20p.eps Graphic file (type eps)
 <./img/sdr_r20p.eps>
File: ./img/ew_r20p.eps Graphic file (type eps)

<./img/ew_r20p.eps>
File: ./img/ft_r20p.eps Graphic file (type eps)
 <./img/ft_r20p.eps>
File: ./img/li_r20p.eps Graphic file (type eps)
 <./img/li_r20p.eps>
File: ./img/hpf_r20p.eps Graphic file (type eps)

<./img/hpf_r20p.eps>
File: ./img/hd_r20p.eps Graphic file (type eps)
 <./img/hd_r20p.eps>
File: ./img/ff_r20p.eps Graphic file (type eps)
 <./img/ff_r20p.eps> [198] [199]
[200] [201] [202] [203] [204] [205]
File: ./img/obs_daily_amount.eps Graphic file (type eps)
 <./img/obs_daily_amount.eps>
File: ./img/obs_daily_duration.eps Graphic file (type eps)

<./img/obs_daily_duration.eps>
File: ./img/obs_daily_peak_int.eps Graphic file (type eps)
 <./img/obs_daily_peak_int.eps>
File: ./img/obs_mean_monthly_amount.eps Graphic file (type eps)

<./img/obs_mean_monthly_amount.eps>
File: ./img/obs_mean_monthly_duration.eps Graphic file (type eps)
 <./img/obs_mean_monthly_duration.eps>
File: ./img/obs_mean_monthly_1min_intensity.eps Graphic file (type eps)

<./img/obs_mean_monthly_1min_intensity.eps>
File: ./img/obs_mean_monthly_30min_intensity.eps Graphic file (type eps)

<./img/obs_mean_monthly_30min_intensity.eps> [206] [207] [208] [209] [210]
[211] [212] [213]) [214]
\openout2 = `./tex/appendixA.aux'.

 (./tex/appendixA.tex
Appendix B.
LaTeX Font Info:    Font shape `T1/fi4/m/n' will be
(Font)              scaled to size 7.19995pt on input line 14.
[215



] [216] [217] [218] [219] [220] [221] [222] [223] [224] [225] [226]
[227] [228] [229]) [230]
\openout2 = `./tex/appendixB.aux'.

 (./tex/appendixB.tex
Appendix C.
[231



] [232]) [233]
\openout2 = `./tex/appendixC.aux'.

 (./tex/appendixC.tex
Appendix D.
[234



] [235] [236] [237] [238]) [239]
\openout2 = `./tex/appendixD.aux'.

 (./tex/appendixD.tex
Appendix E.
LaTeX Font Info:    Font shape `T1/fi4/m/n' will be
(Font)              scaled to size 8.99994pt on input line 8.
[240



] [241] [242]) [243]
Package atveryend Info: Empty hook `BeforeClearDocument' on input line 112.
Package atveryend Info: Empty hook `AfterLastShipout' on input line 112.
 (./muchadoaboutnothing.aux (./tex/dummy.aux)
(./tex/abstract.aux) (./tex/acknowledgement.aux) (./tex/dedication.aux)
(./tex/background_chapter.aux) (./tex/objective_chapter.aux)
(./tex/data_method_chapter.aux) (./tex/improved_cligen_chapter.aux)
(./tex/temporal_resolution_chapter.aux)
(./tex/continue_discontinue_rainfall_chapter.aux)
(./tex/intensity_pattern_chapter.aux) (./tex/future_erosion_chapter.aux)
(./tex/conclusion_chapter.aux) (./tex/observed_rainfall_chapter.aux)
(./tex/appendixA.aux) (./tex/appendixB.aux) (./tex/appendixC.aux)
(./tex/appendixD.aux))
Package atveryend Info: Empty hook `AtVeryEndDocument' on input line 112.
Package atveryend Info: Executing hook `AtEndAfterFileList' on input line 112.
Package rerunfilecheck Info: File `muchadoaboutnothing.out' has not changed.
(rerunfilecheck)             Checksum: AD6B1CA9AB3CC611B938C46E6FF451F4;10390.
Package atveryend Info: Empty hook `AtVeryVeryEnd' on input line 112.
 ) 
Here is how much of TeX's memory you used:
 15300 strings out of 494463
 251092 string characters out of 3168208
 361035 words of memory out of 3000000
 17916 multiletter control sequences out of 15000+200000
 882234 words of font info for 136 fonts, out of 3000000 for 9000
 414 hyphenation exceptions out of 8191
 60i,17n,94p,434b,856s stack positions out of 5000i,500n,10000p,200000b,50000s

Output written on muchadoaboutnothing.dvi (258 pages, 1697048 bytes).
