\BOOKMARK [0][-]{section*.1}{Abstract}{}% 1
\BOOKMARK [0][-]{section*.2}{Extended Abstract}{}% 2
\BOOKMARK [0][-]{section*.3}{Acknowledgements}{}% 3
\BOOKMARK [0][-]{chapter*.4}{Contents}{}% 4
\BOOKMARK [0][-]{chapter*.5}{List of Figures}{}% 5
\BOOKMARK [0][-]{chapter*.6}{List of Tables}{}% 6
\BOOKMARK [-1][-]{part.1}{I Introduction}{}% 7
\BOOKMARK [0][-]{chapter.1}{THE PROBLEM IN CONTEXT}{part.1}% 8
\BOOKMARK [1][-]{section.1.1}{Introduction}{chapter.1}% 9
\BOOKMARK [1][-]{section.1.2}{Soil Erosion Processes}{chapter.1}% 10
\BOOKMARK [2][-]{subsection.1.2.1}{Introduction}{section.1.2}% 11
\BOOKMARK [2][-]{subsection.1.2.2}{Rainfall}{section.1.2}% 12
\BOOKMARK [2][-]{subsection.1.2.3}{Soil Type}{section.1.2}% 13
\BOOKMARK [2][-]{subsection.1.2.4}{Topography}{section.1.2}% 14
\BOOKMARK [2][-]{subsection.1.2.5}{Land Use}{section.1.2}% 15
\BOOKMARK [1][-]{section.1.3}{Soil Erosion and Rainfall Intensity}{chapter.1}% 16
\BOOKMARK [1][-]{section.1.4}{Rainfall Intensity and Climate Change}{chapter.1}% 17
\BOOKMARK [1][-]{section.1.5}{Soil Erosion Prediction Models}{chapter.1}% 18
\BOOKMARK [2][-]{subsection.1.5.1}{Introduction}{section.1.5}% 19
\BOOKMARK [2][-]{subsection.1.5.2}{Universal Soil Loss Equation \(USLE\)}{section.1.5}% 20
\BOOKMARK [2][-]{subsection.1.5.3}{Water Erosion Prediction Project \(WEPP\)}{section.1.5}% 21
\BOOKMARK [2][-]{subsection.1.5.4}{European Soil Erosion Model \(EUROSEM\)}{section.1.5}% 22
\BOOKMARK [2][-]{subsection.1.5.5}{RillGrow}{section.1.5}% 23
\BOOKMARK [0][-]{chapter.2}{RESEARCH BACKGROUND AND OBJECTIVES}{part.1}% 24
\BOOKMARK [1][-]{section.2.1}{Background and Direction}{chapter.2}% 25
\BOOKMARK [1][-]{section.2.2}{Objectives and Rationales}{chapter.2}% 26
\BOOKMARK [1][-]{section.2.3}{Some Questions To Be Answered}{chapter.2}% 27
\BOOKMARK [1][-]{section.2.4}{Expected Outcomes}{chapter.2}% 28
\BOOKMARK [0][-]{chapter.3}{DESCRIPTIONS OF DATA, MODELS AND METHODS}{part.1}% 29
\BOOKMARK [1][-]{section.3.1}{Data}{chapter.3}% 30
\BOOKMARK [2][-]{subsection.3.1.1}{Rainfall Data}{section.3.1}% 31
\BOOKMARK [2][-]{subsection.3.1.2}{Other Data}{section.3.1}% 32
\BOOKMARK [1][-]{section.3.2}{Justification for Erosion Model Selection}{chapter.3}% 33
\BOOKMARK [1][-]{section.3.3}{A Brief Overview of Research Method}{chapter.3}% 34
\BOOKMARK [2][-]{subsection.3.3.1}{Statistical Methods for Trend Investigation}{section.3.3}% 35
\BOOKMARK [-1][-]{part.2}{II Rainfall Intensity and Erosion: Model Descriptions and Responses}{}% 36
\BOOKMARK [0][-]{chapter.4}{IMPLICATION OF IMPROVED CLIGEN}{part.2}% 37
\BOOKMARK [1][-]{section.4.1}{Introduction}{chapter.4}% 38
\BOOKMARK [1][-]{section.4.2}{Data Preparation and Method for Model Simulation}{chapter.4}% 39
\BOOKMARK [1][-]{section.4.3}{Impact on Rainfall Data Generation}{chapter.4}% 40
\BOOKMARK [2][-]{subsection.4.3.1}{Rainfall Amount}{section.4.3}% 41
\BOOKMARK [2][-]{subsection.4.3.2}{Rainfall Duration}{section.4.3}% 42
\BOOKMARK [2][-]{subsection.4.3.3}{Monthly Maxima of Daily Peak Rainfall Intensity}{section.4.3}% 43
\BOOKMARK [1][-]{section.4.4}{Impact on Runoff and Soil Loss Estimation by WEPP}{chapter.4}% 44
\BOOKMARK [1][-]{section.4.5}{Discussion}{chapter.4}% 45
\BOOKMARK [2][-]{subsection.4.5.1}{Impact on Rainfall Data Generation}{section.4.5}% 46
\BOOKMARK [2][-]{subsection.4.5.2}{Impact on Runoff and Soil Loss Estimation}{section.4.5}% 47
\BOOKMARK [1][-]{section.4.6}{Conclusion}{chapter.4}% 48
\BOOKMARK [0][-]{chapter.5}{EFFECT OF TEMPORAL SCALES OF STORM DATA ON EROSION}{part.2}% 49
\BOOKMARK [1][-]{section.5.1}{Introduction}{chapter.5}% 50
\BOOKMARK [1][-]{section.5.2}{Simulation Data and Methods}{chapter.5}% 51
\BOOKMARK [1][-]{section.5.3}{Effects on Rainfall Intensity Information}{chapter.5}% 52
\BOOKMARK [1][-]{section.5.4}{Effects on Simulated Runoff and Soil Loss}{chapter.5}% 53
\BOOKMARK [2][-]{subsection.5.4.1}{Runoff}{section.5.4}% 54
\BOOKMARK [2][-]{subsection.5.4.2}{Soil Loss}{section.5.4}% 55
\BOOKMARK [1][-]{section.5.5}{Discussion}{chapter.5}% 56
\BOOKMARK [1][-]{section.5.6}{Conclusion}{chapter.5}% 57
\BOOKMARK [0][-]{chapter.6}{EFFECT OF CONTINUOUS AND DISCONTINUOUS STORM}{part.2}% 58
\BOOKMARK [1][-]{section.6.1}{Introduction}{chapter.6}% 59
\BOOKMARK [1][-]{section.6.2}{Simulation Data and Methods}{chapter.6}% 60
\BOOKMARK [1][-]{section.6.3}{Simulation Results}{chapter.6}% 61
\BOOKMARK [1][-]{section.6.4}{Discussion}{chapter.6}% 62
\BOOKMARK [1][-]{section.6.5}{Conclusion}{chapter.6}% 63
\BOOKMARK [0][-]{chapter.7}{EFFECT OF IN-STORM RAINFALL INTENSITY CHANGES ON SOIL EROSION}{part.2}% 64
\BOOKMARK [1][-]{section.7.1}{Introduction}{chapter.7}% 65
\BOOKMARK [1][-]{section.7.2}{Simulation Data and Methods}{chapter.7}% 66
\BOOKMARK [1][-]{section.7.3}{Effects on Runoff and Soil Loss}{chapter.7}% 67
\BOOKMARK [1][-]{section.7.4}{Discussion}{chapter.7}% 68
\BOOKMARK [1][-]{section.7.5}{Conclusion}{chapter.7}% 69
\BOOKMARK [1][-]{section.7.6}{Summary of Model Simulation Results}{chapter.7}% 70
\BOOKMARK [1][-]{section.7.7}{Limitations of Erosion Models}{chapter.7}% 71
\BOOKMARK [0][-]{chapter.8}{FURTHER STUDY ON TEMPORAL INTENSITY VARIATION}{part.2}% 72
\BOOKMARK [1][-]{section.8.1}{Aim}{chapter.8}% 73
\BOOKMARK [1][-]{section.8.2}{Method}{chapter.8}% 74
\BOOKMARK [1][-]{section.8.3}{Result}{chapter.8}% 75
\BOOKMARK [2][-]{subsection.8.3.1}{WEPP simulation}{section.8.3}% 76
\BOOKMARK [2][-]{subsection.8.3.2}{EUROSEM simulation}{section.8.3}% 77
\BOOKMARK [1][-]{section.8.4}{Discussion}{chapter.8}% 78
\BOOKMARK [1][-]{section.8.5}{Additional tests}{chapter.8}% 79
\BOOKMARK [2][-]{subsection.8.5.1}{Aims}{section.8.5}% 80
\BOOKMARK [-1][-]{part.3}{III Observed Rainfall Characteristics \(and Intensity\) of The Study Site}{}% 81
\BOOKMARK [0][-]{chapter.9}{OBSERVED RAINFALL CHARACTERISTICS OF THE STUDY AREA}{part.3}% 82
\BOOKMARK [1][-]{section.9.1}{Introduction}{chapter.9}% 83
\BOOKMARK [1][-]{section.9.2}{Method}{chapter.9}% 84
\BOOKMARK [1][-]{section.9.3}{Monthly Precipitation}{chapter.9}% 85
\BOOKMARK [1][-]{section.9.4}{Daily Precipitation}{chapter.9}% 86
\BOOKMARK [1][-]{section.9.5}{Event Precipitation}{chapter.9}% 87
\BOOKMARK [1][-]{section.9.6}{Discussion}{chapter.9}% 88
\BOOKMARK [1][-]{section.9.7}{Conclusion}{chapter.9}% 89
\BOOKMARK [0][-]{chapter.10}{FURTHER INVESTIGATIONS TO BUILD FUTURE RAINFALL INTENSITY SCENARIOS}{part.3}% 90
\BOOKMARK [1][-]{section.10.1}{Proposed Simulation Methods}{chapter.10}% 91
\BOOKMARK [2][-]{subsection.10.1.1}{Method One: Changing CLIGEN Generated Data}{section.10.1}% 92
\BOOKMARK [2][-]{subsection.10.1.2}{Method Two: Changing One of CLIGEN Inputs, MX .5P}{section.10.1}% 93
\BOOKMARK [2][-]{subsection.10.1.3}{Method Three: Using GCM/RCM Data}{section.10.1}% 94
\BOOKMARK [2][-]{subsection.10.1.4}{Selected Method: Method Two, Changing CLIGEN Input}{section.10.1}% 95
\BOOKMARK [-1][-]{part.4}{IV Implications for Model-based Studies of Future Climate Change and Soil Erosion}{}% 96
\BOOKMARK [0][-]{chapter.11}{ESTIMATION OF SOIL EROSION: IMPLICATIONS FOR FUTURE RAINFALL INTENSITY}{part.4}% 97
\BOOKMARK [1][-]{section.11.1}{Introduction}{chapter.11}% 98
\BOOKMARK [1][-]{section.11.2}{Sensitivity of WEPP to Rainfall Intensity Changes}{chapter.11}% 99
\BOOKMARK [2][-]{subsection.11.2.1}{Runoff and Soil Loss}{section.11.2}% 100
\BOOKMARK [2][-]{subsection.11.2.2}{Discussion}{section.11.2}% 101
\BOOKMARK [1][-]{section.11.3}{Estimation of Future Soil Erosion}{chapter.11}% 102
\BOOKMARK [2][-]{subsection.11.3.1}{Estimated Future Rainfall for WEPP Simulations}{section.11.3}% 103
\BOOKMARK [2][-]{subsection.11.3.2}{Estimated Changes of Future Soil Erosion}{section.11.3}% 104
\BOOKMARK [2][-]{subsection.11.3.3}{Discussion}{section.11.3}% 105
\BOOKMARK [1][-]{section.11.4}{Conclusion}{chapter.11}% 106
\BOOKMARK [-1][-]{part.5}{V Conclusion}{}% 107
\BOOKMARK [0][-]{chapter.12}{CONCLUSION}{part.5}% 108
\BOOKMARK [1][-]{section.12.1}{Rainfall Intensity and Process Descriptions}{chapter.12}% 109
\BOOKMARK [2][-]{subsection.12.1.1}{Findings}{section.12.1}% 110
\BOOKMARK [2][-]{subsection.12.1.2}{Limitations}{section.12.1}% 111
\BOOKMARK [1][-]{section.12.2}{What do we need to predict erosion under future changed rainfall intensities?}{chapter.12}% 112
\BOOKMARK [2][-]{subsection.12.2.1}{Findings}{section.12.2}% 113
\BOOKMARK [2][-]{subsection.12.2.2}{Limitations}{section.12.2}% 114
\BOOKMARK [1][-]{section.12.3}{Past and Present Rates of Rainfall Intensity}{chapter.12}% 115
\BOOKMARK [2][-]{subsection.12.3.1}{Findings}{section.12.3}% 116
\BOOKMARK [2][-]{subsection.12.3.2}{Limitations}{section.12.3}% 117
\BOOKMARK [1][-]{section.12.4}{Can we predict erosion rates under future changed rainfall intensities?}{chapter.12}% 118
\BOOKMARK [2][-]{subsection.12.4.1}{Findings}{section.12.4}% 119
\BOOKMARK [2][-]{subsection.12.4.2}{Limitations}{section.12.4}% 120
\BOOKMARK [1][-]{section.12.5}{Suggestions for Future Research}{chapter.12}% 121
\BOOKMARK [0][-]{chapter*.7}{REFERENCES}{part.5}% 122
\BOOKMARK [-1][-]{part.6}{ Appendices}{}% 123
\BOOKMARK [0][-]{Appendix.1.A}{WEPP Input Data}{part.6}% 124
\BOOKMARK [1][-]{section.1.A.1}{Weather Input Data}{Appendix.1.A}% 125
\BOOKMARK [2][-]{subsection.1.A.1.1}{For Temporal Scale Simulation}{section.1.A.1}% 126
\BOOKMARK [2][-]{subsection.1.A.1.2}{For Storm Patterns Simulation}{section.1.A.1}% 127
\BOOKMARK [2][-]{subsection.1.A.1.3}{For Continuous and Discontinuous Rainfall Simulation}{section.1.A.1}% 128
\BOOKMARK [1][-]{section.1.A.2}{Soil Input\204calibrated}{Appendix.1.A}% 129
\BOOKMARK [1][-]{section.1.A.3}{Management Input}{Appendix.1.A}% 130
\BOOKMARK [1][-]{section.1.A.4}{slope Input}{Appendix.1.A}% 131
\BOOKMARK [0][-]{Appendix.1.B}{CLIGEN Input Data}{part.6}% 132
\BOOKMARK [1][-]{section.1.B.1}{Original Input for Ditchling Road}{Appendix.1.B}% 133
\BOOKMARK [1][-]{section.1.B.2}{Updated Input for Ditchling Road}{Appendix.1.B}% 134
\BOOKMARK [0][-]{Appendix.1.C}{EUROSEM Input Data}{part.6}% 135
\BOOKMARK [1][-]{section.1.C.1}{SYSTEMS}{Appendix.1.C}% 136
\BOOKMARK [1][-]{section.1.C.2}{OPTIONS}{Appendix.1.C}% 137
\BOOKMARK [1][-]{section.1.C.3}{COMPUTATION ORDER}{Appendix.1.C}% 138
\BOOKMARK [1][-]{section.1.C.4}{ELEMENT WISE INFO}{Appendix.1.C}% 139
